Performing C SOURCE FILE Test HAVE_RESTRICT failed with the following output:
Change Dir: D:/Sim_Devel/svn/openrails/Source/3rdPartyLibs/openal-soft/build/CMakeFiles/CMakeTmp

Run Build Command:C:\Windows\Microsoft.NET\Framework\v4.0.30319\MSBuild.exe cmTryCompileExec1636125147.vcxproj /p:Configuration=Debug /p:VisualStudioVersion=11.0
Microsoft (R) Build Engine version 4.0.30319.17929
[Microsoft .NET Framework, version 4.0.30319.18034]
Copyright (C) Microsoft Corporation. All rights reserved.

Build started 2013.05.28. 23:18:59.
Project "D:\Sim_Devel\svn\openrails\Source\3rdPartyLibs\openal-soft\build\CMakeFiles\CMakeTmp\cmTryCompileExec1636125147.vcxproj" on node 1 (default targets).
PrepareForBuild:
  Creating directory "cmTryCompileExec1636125147.dir\Debug\".
  Creating directory "D:\Sim_Devel\svn\openrails\Source\3rdPartyLibs\openal-soft\build\CMakeFiles\CMakeTmp\Debug\".
InitializeBuildStatus:
  Creating "cmTryCompileExec1636125147.dir\Debug\cmTryCompileExec1636125147.unsuccessfulbuild" because "AlwaysCreate" was specified.
ClCompile:
  C:\Program Files (x86)\Microsoft Visual Studio 11.0\VC\bin\CL.exe /c /Zi /W3 /WX- /Od /Ob0 /Oy- /D WIN32 /D _WINDOWS /D HAVE_RESTRICT /D _DEBUG /D "CMAKE_INTDIR=\"Debug\"" /D _MBCS /Gm- /RTC1 /MDd /GS /fp:precise /Zc:wchar_t /Zc:forScope /Fo"cmTryCompileExec1636125147.dir\Debug\\" /Fd"D:/Sim_Devel/svn/openrails/Source/3rdPartyLibs/openal-soft/build/CMakeFiles/CMakeTmp/Debug/cmTryCompileExec1636125147.pdb" /Gd /TC /analyze- /errorReport:queue src.c
  Microsoft (R) C/C++ Optimizing Compiler Version 17.00.51106.1 for x86
  Copyright (C) Microsoft Corporation.  All rights reserved.
  
  cl /c /Zi /W3 /WX- /Od /Ob0 /Oy- /D WIN32 /D _WINDOWS /D HAVE_RESTRICT /D _DEBUG /D "CMAKE_INTDIR=\"Debug\"" /D _MBCS /Gm- /RTC1 /MDd /GS /fp:precise /Zc:wchar_t /Zc:forScope /Fo"cmTryCompileExec1636125147.dir\Debug\\" /Fd"D:/Sim_Devel/svn/openrails/Source/3rdPartyLibs/openal-soft/build/CMakeFiles/CMakeTmp/Debug/cmTryCompileExec1636125147.pdb" /Gd /TC /analyze- /errorReport:queue src.c
  
  src.c
src.c(1): error C2061: syntax error : identifier 'foo' [D:\Sim_Devel\svn\openrails\Source\3rdPartyLibs\openal-soft\build\CMakeFiles\CMakeTmp\cmTryCompileExec1636125147.vcxproj]
src.c(1): error C2059: syntax error : ';' [D:\Sim_Devel\svn\openrails\Source\3rdPartyLibs\openal-soft\build\CMakeFiles\CMakeTmp\cmTryCompileExec1636125147.vcxproj]
Done Building Project "D:\Sim_Devel\svn\openrails\Source\3rdPartyLibs\openal-soft\build\CMakeFiles\CMakeTmp\cmTryCompileExec1636125147.vcxproj" (default targets) -- FAILED.

Build FAILED.

"D:\Sim_Devel\svn\openrails\Source\3rdPartyLibs\openal-soft\build\CMakeFiles\CMakeTmp\cmTryCompileExec1636125147.vcxproj" (default target) (1) ->
(ClCompile target) -> 
  src.c(1): error C2061: syntax error : identifier 'foo' [D:\Sim_Devel\svn\openrails\Source\3rdPartyLibs\openal-soft\build\CMakeFiles\CMakeTmp\cmTryCompileExec1636125147.vcxproj]
  src.c(1): error C2059: syntax error : ';' [D:\Sim_Devel\svn\openrails\Source\3rdPartyLibs\openal-soft\build\CMakeFiles\CMakeTmp\cmTryCompileExec1636125147.vcxproj]

    0 Warning(s)
    2 Error(s)

Time Elapsed 00:00:00.32

Source file was:
int *restrict foo;
                         int main() {return 0;}
Performing C SOURCE FILE Test HAVE_GCC_FORMAT failed with the following output:
Change Dir: D:/Sim_Devel/svn/openrails/Source/3rdPartyLibs/openal-soft/build/CMakeFiles/CMakeTmp

Run Build Command:C:\Windows\Microsoft.NET\Framework\v4.0.30319\MSBuild.exe cmTryCompileExec59194557.vcxproj /p:Configuration=Debug /p:VisualStudioVersion=11.0
Microsoft (R) Build Engine version 4.0.30319.17929
[Microsoft .NET Framework, version 4.0.30319.18034]
Copyright (C) Microsoft Corporation. All rights reserved.

Build started 2013.05.28. 23:19:01.
Project "D:\Sim_Devel\svn\openrails\Source\3rdPartyLibs\openal-soft\build\CMakeFiles\CMakeTmp\cmTryCompileExec59194557.vcxproj" on node 1 (default targets).
PrepareForBuild:
  Creating directory "cmTryCompileExec59194557.dir\Debug\".
  Creating directory "D:\Sim_Devel\svn\openrails\Source\3rdPartyLibs\openal-soft\build\CMakeFiles\CMakeTmp\Debug\".
InitializeBuildStatus:
  Creating "cmTryCompileExec59194557.dir\Debug\cmTryCompileExec59194557.unsuccessfulbuild" because "AlwaysCreate" was specified.
ClCompile:
  C:\Program Files (x86)\Microsoft Visual Studio 11.0\VC\bin\CL.exe /c /I"C:/Program Files (x86)/Microsoft DirectX SDK (August 2009)/Include" /Zi /W3 /WX- /Od /Ob0 /Oy- /D WIN32 /D _WINDOWS /D HAVE_GCC_FORMAT /D _DEBUG /D "CMAKE_INTDIR=\"Debug\"" /D _MBCS /Gm- /RTC1 /MDd /GS /fp:precise /Zc:wchar_t /Zc:forScope /Fo"cmTryCompileExec59194557.dir\Debug\\" /Fd"D:/Sim_Devel/svn/openrails/Source/3rdPartyLibs/openal-soft/build/CMakeFiles/CMakeTmp/Debug/cmTryCompileExec59194557.pdb" /Gd /TC /analyze- /errorReport:queue src.c
  Microsoft (R) C/C++ Optimizing Compiler Version 17.00.51106.1 for x86
  Copyright (C) Microsoft Corporation.  All rights reserved.
  
  cl /c /I"C:/Program Files (x86)/Microsoft DirectX SDK (August 2009)/Include" /Zi /W3 /WX- /Od /Ob0 /Oy- /D WIN32 /D _WINDOWS /D HAVE_GCC_FORMAT /D _DEBUG /D "CMAKE_INTDIR=\"Debug\"" /D _MBCS /Gm- /RTC1 /MDd /GS /fp:precise /Zc:wchar_t /Zc:forScope /Fo"cmTryCompileExec59194557.dir\Debug\\" /Fd"D:/Sim_Devel/svn/openrails/Source/3rdPartyLibs/openal-soft/build/CMakeFiles/CMakeTmp/Debug/cmTryCompileExec59194557.pdb" /Gd /TC /analyze- /errorReport:queue src.c
  
  src.c
src.c(1): error C2061: syntax error : identifier '__attribute__' [D:\Sim_Devel\svn\openrails\Source\3rdPartyLibs\openal-soft\build\CMakeFiles\CMakeTmp\cmTryCompileExec59194557.vcxproj]
src.c(1): error C2059: syntax error : ';' [D:\Sim_Devel\svn\openrails\Source\3rdPartyLibs\openal-soft\build\CMakeFiles\CMakeTmp\cmTryCompileExec59194557.vcxproj]
src.c(1): error C2059: syntax error : ',' [D:\Sim_Devel\svn\openrails\Source\3rdPartyLibs\openal-soft\build\CMakeFiles\CMakeTmp\cmTryCompileExec59194557.vcxproj]
src.c(1): error C2143: syntax error : missing ')' before 'constant' [D:\Sim_Devel\svn\openrails\Source\3rdPartyLibs\openal-soft\build\CMakeFiles\CMakeTmp\cmTryCompileExec59194557.vcxproj]
Done Building Project "D:\Sim_Devel\svn\openrails\Source\3rdPartyLibs\openal-soft\build\CMakeFiles\CMakeTmp\cmTryCompileExec59194557.vcxproj" (default targets) -- FAILED.

Build FAILED.

"D:\Sim_Devel\svn\openrails\Source\3rdPartyLibs\openal-soft\build\CMakeFiles\CMakeTmp\cmTryCompileExec59194557.vcxproj" (default target) (1) ->
(ClCompile target) -> 
  src.c(1): error C2061: syntax error : identifier '__attribute__' [D:\Sim_Devel\svn\openrails\Source\3rdPartyLibs\openal-soft\build\CMakeFiles\CMakeTmp\cmTryCompileExec59194557.vcxproj]
  src.c(1): error C2059: syntax error : ';' [D:\Sim_Devel\svn\openrails\Source\3rdPartyLibs\openal-soft\build\CMakeFiles\CMakeTmp\cmTryCompileExec59194557.vcxproj]
  src.c(1): error C2059: syntax error : ',' [D:\Sim_Devel\svn\openrails\Source\3rdPartyLibs\openal-soft\build\CMakeFiles\CMakeTmp\cmTryCompileExec59194557.vcxproj]
  src.c(1): error C2143: syntax error : missing ')' before 'constant' [D:\Sim_Devel\svn\openrails\Source\3rdPartyLibs\openal-soft\build\CMakeFiles\CMakeTmp\cmTryCompileExec59194557.vcxproj]

    0 Warning(s)
    4 Error(s)

Time Elapsed 00:00:00.31

Source file was:
int foo(const char *str, ...) __attribute__((format(printf, 1, 2)));
                         int main() {return 0;}
Determining if the include file cpuid.h exists failed with the following output:
Change Dir: D:/Sim_Devel/svn/openrails/Source/3rdPartyLibs/openal-soft/build/CMakeFiles/CMakeTmp

Run Build Command:C:\Windows\Microsoft.NET\Framework\v4.0.30319\MSBuild.exe cmTryCompileExec3735359664.vcxproj /p:Configuration=Debug /p:VisualStudioVersion=11.0
Microsoft (R) Build Engine version 4.0.30319.17929
[Microsoft .NET Framework, version 4.0.30319.18034]
Copyright (C) Microsoft Corporation. All rights reserved.

Build started 2013.05.28. 23:19:02.
Project "D:\Sim_Devel\svn\openrails\Source\3rdPartyLibs\openal-soft\build\CMakeFiles\CMakeTmp\cmTryCompileExec3735359664.vcxproj" on node 1 (default targets).
PrepareForBuild:
  Creating directory "cmTryCompileExec3735359664.dir\Debug\".
  Creating directory "D:\Sim_Devel\svn\openrails\Source\3rdPartyLibs\openal-soft\build\CMakeFiles\CMakeTmp\Debug\".
InitializeBuildStatus:
  Creating "cmTryCompileExec3735359664.dir\Debug\cmTryCompileExec3735359664.unsuccessfulbuild" because "AlwaysCreate" was specified.
ClCompile:
  C:\Program Files (x86)\Microsoft Visual Studio 11.0\VC\bin\CL.exe /c /I"C:/Program Files (x86)/Microsoft DirectX SDK (August 2009)/Include" /Zi /W3 /WX- /Od /Ob0 /Oy- /D WIN32 /D _WINDOWS /D _DEBUG /D "CMAKE_INTDIR=\"Debug\"" /D _MBCS /Gm- /RTC1 /MDd /GS /fp:precise /Zc:wchar_t /Zc:forScope /Fo"cmTryCompileExec3735359664.dir\Debug\\" /Fd"D:/Sim_Devel/svn/openrails/Source/3rdPartyLibs/openal-soft/build/CMakeFiles/CMakeTmp/Debug/cmTryCompileExec3735359664.pdb" /Gd /TC /analyze- /errorReport:queue CheckIncludeFile.c
  Microsoft (R) C/C++ Optimizing Compiler Version 17.00.51106.1 for x86
  Copyright (C) Microsoft Corporation.  All rights reserved.
  
  cl /c /I"C:/Program Files (x86)/Microsoft DirectX SDK (August 2009)/Include" /Zi /W3 /WX- /Od /Ob0 /Oy- /D WIN32 /D _WINDOWS /D _DEBUG /D "CMAKE_INTDIR=\"Debug\"" /D _MBCS /Gm- /RTC1 /MDd /GS /fp:precise /Zc:wchar_t /Zc:forScope /Fo"cmTryCompileExec3735359664.dir\Debug\\" /Fd"D:/Sim_Devel/svn/openrails/Source/3rdPartyLibs/openal-soft/build/CMakeFiles/CMakeTmp/Debug/cmTryCompileExec3735359664.pdb" /Gd /TC /analyze- /errorReport:queue CheckIncludeFile.c
  
  CheckIncludeFile.c
CheckIncludeFile.c(1): fatal error C1083: Cannot open include file: 'cpuid.h': No such file or directory [D:\Sim_Devel\svn\openrails\Source\3rdPartyLibs\openal-soft\build\CMakeFiles\CMakeTmp\cmTryCompileExec3735359664.vcxproj]
Done Building Project "D:\Sim_Devel\svn\openrails\Source\3rdPartyLibs\openal-soft\build\CMakeFiles\CMakeTmp\cmTryCompileExec3735359664.vcxproj" (default targets) -- FAILED.

Build FAILED.

"D:\Sim_Devel\svn\openrails\Source\3rdPartyLibs\openal-soft\build\CMakeFiles\CMakeTmp\cmTryCompileExec3735359664.vcxproj" (default target) (1) ->
(ClCompile target) -> 
  CheckIncludeFile.c(1): fatal error C1083: Cannot open include file: 'cpuid.h': No such file or directory [D:\Sim_Devel\svn\openrails\Source\3rdPartyLibs\openal-soft\build\CMakeFiles\CMakeTmp\cmTryCompileExec3735359664.vcxproj]

    0 Warning(s)
    1 Error(s)

Time Elapsed 00:00:00.31


Determining if the include file fenv.h exists failed with the following output:
Change Dir: D:/Sim_Devel/svn/openrails/Source/3rdPartyLibs/openal-soft/build/CMakeFiles/CMakeTmp

Run Build Command:C:\Windows\Microsoft.NET\Framework\v4.0.30319\MSBuild.exe cmTryCompileExec854594934.vcxproj /p:Configuration=Debug /p:VisualStudioVersion=11.0
Microsoft (R) Build Engine version 4.0.30319.17929
[Microsoft .NET Framework, version 4.0.30319.18034]
Copyright (C) Microsoft Corporation. All rights reserved.

Build started 2013.05.28. 23:19:03.
Project "D:\Sim_Devel\svn\openrails\Source\3rdPartyLibs\openal-soft\build\CMakeFiles\CMakeTmp\cmTryCompileExec854594934.vcxproj" on node 1 (default targets).
PrepareForBuild:
  Creating directory "cmTryCompileExec854594934.dir\Debug\".
  Creating directory "D:\Sim_Devel\svn\openrails\Source\3rdPartyLibs\openal-soft\build\CMakeFiles\CMakeTmp\Debug\".
InitializeBuildStatus:
  Creating "cmTryCompileExec854594934.dir\Debug\cmTryCompileExec854594934.unsuccessfulbuild" because "AlwaysCreate" was specified.
ClCompile:
  C:\Program Files (x86)\Microsoft Visual Studio 11.0\VC\bin\CL.exe /c /I"C:/Program Files (x86)/Microsoft DirectX SDK (August 2009)/Include" /Zi /W3 /WX- /Od /Ob0 /Oy- /D WIN32 /D _WINDOWS /D _DEBUG /D "CMAKE_INTDIR=\"Debug\"" /D _MBCS /Gm- /RTC1 /MDd /GS /fp:precise /Zc:wchar_t /Zc:forScope /Fo"cmTryCompileExec854594934.dir\Debug\\" /Fd"D:/Sim_Devel/svn/openrails/Source/3rdPartyLibs/openal-soft/build/CMakeFiles/CMakeTmp/Debug/cmTryCompileExec854594934.pdb" /Gd /TC /analyze- /errorReport:queue CheckIncludeFile.c
  Microsoft (R) C/C++ Optimizing Compiler Version 17.00.51106.1 for x86
  Copyright (C) Microsoft Corporation.  All rights reserved.
  
  cl /c /I"C:/Program Files (x86)/Microsoft DirectX SDK (August 2009)/Include" /Zi /W3 /WX- /Od /Ob0 /Oy- /D WIN32 /D _WINDOWS /D _DEBUG /D "CMAKE_INTDIR=\"Debug\"" /D _MBCS /Gm- /RTC1 /MDd /GS /fp:precise /Zc:wchar_t /Zc:forScope /Fo"cmTryCompileExec854594934.dir\Debug\\" /Fd"D:/Sim_Devel/svn/openrails/Source/3rdPartyLibs/openal-soft/build/CMakeFiles/CMakeTmp/Debug/cmTryCompileExec854594934.pdb" /Gd /TC /analyze- /errorReport:queue CheckIncludeFile.c
  
  CheckIncludeFile.c
CheckIncludeFile.c(1): fatal error C1083: Cannot open include file: 'fenv.h': No such file or directory [D:\Sim_Devel\svn\openrails\Source\3rdPartyLibs\openal-soft\build\CMakeFiles\CMakeTmp\cmTryCompileExec854594934.vcxproj]
Done Building Project "D:\Sim_Devel\svn\openrails\Source\3rdPartyLibs\openal-soft\build\CMakeFiles\CMakeTmp\cmTryCompileExec854594934.vcxproj" (default targets) -- FAILED.

Build FAILED.

"D:\Sim_Devel\svn\openrails\Source\3rdPartyLibs\openal-soft\build\CMakeFiles\CMakeTmp\cmTryCompileExec854594934.vcxproj" (default target) (1) ->
(ClCompile target) -> 
  CheckIncludeFile.c(1): fatal error C1083: Cannot open include file: 'fenv.h': No such file or directory [D:\Sim_Devel\svn\openrails\Source\3rdPartyLibs\openal-soft\build\CMakeFiles\CMakeTmp\cmTryCompileExec854594934.vcxproj]

    0 Warning(s)
    1 Error(s)

Time Elapsed 00:00:00.31


Determining if the include file ieeefp.h exists failed with the following output:
Change Dir: D:/Sim_Devel/svn/openrails/Source/3rdPartyLibs/openal-soft/build/CMakeFiles/CMakeTmp

Run Build Command:C:\Windows\Microsoft.NET\Framework\v4.0.30319\MSBuild.exe cmTryCompileExec4089506911.vcxproj /p:Configuration=Debug /p:VisualStudioVersion=11.0
Microsoft (R) Build Engine version 4.0.30319.17929
[Microsoft .NET Framework, version 4.0.30319.18034]
Copyright (C) Microsoft Corporation. All rights reserved.

Build started 2013.05.28. 23:19:04.
Project "D:\Sim_Devel\svn\openrails\Source\3rdPartyLibs\openal-soft\build\CMakeFiles\CMakeTmp\cmTryCompileExec4089506911.vcxproj" on node 1 (default targets).
PrepareForBuild:
  Creating directory "cmTryCompileExec4089506911.dir\Debug\".
  Creating directory "D:\Sim_Devel\svn\openrails\Source\3rdPartyLibs\openal-soft\build\CMakeFiles\CMakeTmp\Debug\".
InitializeBuildStatus:
  Creating "cmTryCompileExec4089506911.dir\Debug\cmTryCompileExec4089506911.unsuccessfulbuild" because "AlwaysCreate" was specified.
ClCompile:
  C:\Program Files (x86)\Microsoft Visual Studio 11.0\VC\bin\CL.exe /c /I"C:/Program Files (x86)/Microsoft DirectX SDK (August 2009)/Include" /Zi /W3 /WX- /Od /Ob0 /Oy- /D WIN32 /D _WINDOWS /D _DEBUG /D "CMAKE_INTDIR=\"Debug\"" /D _MBCS /Gm- /RTC1 /MDd /GS /fp:precise /Zc:wchar_t /Zc:forScope /Fo"cmTryCompileExec4089506911.dir\Debug\\" /Fd"D:/Sim_Devel/svn/openrails/Source/3rdPartyLibs/openal-soft/build/CMakeFiles/CMakeTmp/Debug/cmTryCompileExec4089506911.pdb" /Gd /TC /analyze- /errorReport:queue CheckIncludeFile.c
  Microsoft (R) C/C++ Optimizing Compiler Version 17.00.51106.1 for x86
  Copyright (C) Microsoft Corporation.  All rights reserved.
  
  cl /c /I"C:/Program Files (x86)/Microsoft DirectX SDK (August 2009)/Include" /Zi /W3 /WX- /Od /Ob0 /Oy- /D WIN32 /D _WINDOWS /D _DEBUG /D "CMAKE_INTDIR=\"Debug\"" /D _MBCS /Gm- /RTC1 /MDd /GS /fp:precise /Zc:wchar_t /Zc:forScope /Fo"cmTryCompileExec4089506911.dir\Debug\\" /Fd"D:/Sim_Devel/svn/openrails/Source/3rdPartyLibs/openal-soft/build/CMakeFiles/CMakeTmp/Debug/cmTryCompileExec4089506911.pdb" /Gd /TC /analyze- /errorReport:queue CheckIncludeFile.c
  
  CheckIncludeFile.c
CheckIncludeFile.c(1): fatal error C1083: Cannot open include file: 'ieeefp.h': No such file or directory [D:\Sim_Devel\svn\openrails\Source\3rdPartyLibs\openal-soft\build\CMakeFiles\CMakeTmp\cmTryCompileExec4089506911.vcxproj]
Done Building Project "D:\Sim_Devel\svn\openrails\Source\3rdPartyLibs\openal-soft\build\CMakeFiles\CMakeTmp\cmTryCompileExec4089506911.vcxproj" (default targets) -- FAILED.

Build FAILED.

"D:\Sim_Devel\svn\openrails\Source\3rdPartyLibs\openal-soft\build\CMakeFiles\CMakeTmp\cmTryCompileExec4089506911.vcxproj" (default target) (1) ->
(ClCompile target) -> 
  CheckIncludeFile.c(1): fatal error C1083: Cannot open include file: 'ieeefp.h': No such file or directory [D:\Sim_Devel\svn\openrails\Source\3rdPartyLibs\openal-soft\build\CMakeFiles\CMakeTmp\cmTryCompileExec4089506911.vcxproj]

    0 Warning(s)
    1 Error(s)

Time Elapsed 00:00:00.31


Determining if the function pow exists in the m failed with the following output:
Change Dir: D:/Sim_Devel/svn/openrails/Source/3rdPartyLibs/openal-soft/build/CMakeFiles/CMakeTmp

Run Build Command:C:\Windows\Microsoft.NET\Framework\v4.0.30319\MSBuild.exe cmTryCompileExec2057732098.vcxproj /p:Configuration=Debug /p:VisualStudioVersion=11.0
Microsoft (R) Build Engine version 4.0.30319.17929
[Microsoft .NET Framework, version 4.0.30319.18034]
Copyright (C) Microsoft Corporation. All rights reserved.

Build started 2013.05.28. 23:19:05.
Project "D:\Sim_Devel\svn\openrails\Source\3rdPartyLibs\openal-soft\build\CMakeFiles\CMakeTmp\cmTryCompileExec2057732098.vcxproj" on node 1 (default targets).
PrepareForBuild:
  Creating directory "cmTryCompileExec2057732098.dir\Debug\".
  Creating directory "D:\Sim_Devel\svn\openrails\Source\3rdPartyLibs\openal-soft\build\CMakeFiles\CMakeTmp\Debug\".
InitializeBuildStatus:
  Creating "cmTryCompileExec2057732098.dir\Debug\cmTryCompileExec2057732098.unsuccessfulbuild" because "AlwaysCreate" was specified.
ClCompile:
  C:\Program Files (x86)\Microsoft Visual Studio 11.0\VC\bin\CL.exe /c /Zi /W3 /WX- /Od /Ob0 /Oy- /D WIN32 /D _WINDOWS /D CHECK_FUNCTION_EXISTS=pow /D _DEBUG /D "CMAKE_INTDIR=\"Debug\"" /D _MBCS /Gm- /RTC1 /MDd /GS /fp:precise /Zc:wchar_t /Zc:forScope /Fo"cmTryCompileExec2057732098.dir\Debug\\" /Fd"D:/Sim_Devel/svn/openrails/Source/3rdPartyLibs/openal-soft/build/CMakeFiles/CMakeTmp/Debug/cmTryCompileExec2057732098.pdb" /Gd /TC /analyze- /errorReport:queue "C:\Program Files (x86)\CMake 2.8\share\cmake-2.8\Modules\CheckFunctionExists.c"
  Microsoft (R) C/C++ Optimizing Compiler Version 17.00.51106.1 for x86
  Copyright (C) Microsoft Corporation.  All rights reserved.
  
  cl /c /Zi /W3 /WX- /Od /Ob0 /Oy- /D WIN32 /D _WINDOWS /D CHECK_FUNCTION_EXISTS=pow /D _DEBUG /D "CMAKE_INTDIR=\"Debug\"" /D _MBCS /Gm- /RTC1 /MDd /GS /fp:precise /Zc:wchar_t /Zc:forScope /Fo"cmTryCompileExec2057732098.dir\Debug\\" /Fd"D:/Sim_Devel/svn/openrails/Source/3rdPartyLibs/openal-soft/build/CMakeFiles/CMakeTmp/Debug/cmTryCompileExec2057732098.pdb" /Gd /TC /analyze- /errorReport:queue "C:\Program Files (x86)\CMake 2.8\share\cmake-2.8\Modules\CheckFunctionExists.c"
  CheckFunctionExists.c
  
Link:
  C:\Program Files (x86)\Microsoft Visual Studio 11.0\VC\bin\link.exe /ERRORREPORT:QUEUE /OUT:"D:\Sim_Devel\svn\openrails\Source\3rdPartyLibs\openal-soft\build\CMakeFiles\CMakeTmp\Debug\cmTryCompileExec2057732098.exe" /INCREMENTAL /NOLOGO kernel32.lib user32.lib gdi32.lib winspool.lib shell32.lib ole32.lib oleaut32.lib uuid.lib comdlg32.lib advapi32.lib m.lib /MANIFEST /MANIFESTUAC:"level='asInvoker' uiAccess='false'" /manifest:embed /DEBUG /PDB:"D:/Sim_Devel/svn/openrails/Source/3rdPartyLibs/openal-soft/build/CMakeFiles/CMakeTmp/Debug/cmTryCompileExec2057732098.pdb" /SUBSYSTEM:CONSOLE /TLBID:1 /DYNAMICBASE /NXCOMPAT /IMPLIB:"D:/Sim_Devel/svn/openrails/Source/3rdPartyLibs/openal-soft/build/CMakeFiles/CMakeTmp/Debug/cmTryCompileExec2057732098.lib" /MACHINE:X86 /SAFESEH  /machine:X86 /debug cmTryCompileExec2057732098.dir\Debug\CheckFunctionExists.obj
LINK : fatal error LNK1104: cannot open file 'm.lib' [D:\Sim_Devel\svn\openrails\Source\3rdPartyLibs\openal-soft\build\CMakeFiles\CMakeTmp\cmTryCompileExec2057732098.vcxproj]
Done Building Project "D:\Sim_Devel\svn\openrails\Source\3rdPartyLibs\openal-soft\build\CMakeFiles\CMakeTmp\cmTryCompileExec2057732098.vcxproj" (default targets) -- FAILED.

Build FAILED.

"D:\Sim_Devel\svn\openrails\Source\3rdPartyLibs\openal-soft\build\CMakeFiles\CMakeTmp\cmTryCompileExec2057732098.vcxproj" (default target) (1) ->
(Link target) -> 
  LINK : fatal error LNK1104: cannot open file 'm.lib' [D:\Sim_Devel\svn\openrails\Source\3rdPartyLibs\openal-soft\build\CMakeFiles\CMakeTmp\cmTryCompileExec2057732098.vcxproj]

    0 Warning(s)
    1 Error(s)

Time Elapsed 00:00:00.39


Determining if the aligned_alloc exist failed with the following output:
Change Dir: D:/Sim_Devel/svn/openrails/Source/3rdPartyLibs/openal-soft/build/CMakeFiles/CMakeTmp

Run Build Command:C:\Windows\Microsoft.NET\Framework\v4.0.30319\MSBuild.exe cmTryCompileExec346522283.vcxproj /p:Configuration=Debug /p:VisualStudioVersion=11.0
Microsoft (R) Build Engine version 4.0.30319.17929
[Microsoft .NET Framework, version 4.0.30319.18034]
Copyright (C) Microsoft Corporation. All rights reserved.

Build started 2013.05.28. 23:19:06.
Project "D:\Sim_Devel\svn\openrails\Source\3rdPartyLibs\openal-soft\build\CMakeFiles\CMakeTmp\cmTryCompileExec346522283.vcxproj" on node 1 (default targets).
PrepareForBuild:
  Creating directory "cmTryCompileExec346522283.dir\Debug\".
  Creating directory "D:\Sim_Devel\svn\openrails\Source\3rdPartyLibs\openal-soft\build\CMakeFiles\CMakeTmp\Debug\".
InitializeBuildStatus:
  Creating "cmTryCompileExec346522283.dir\Debug\cmTryCompileExec346522283.unsuccessfulbuild" because "AlwaysCreate" was specified.
ClCompile:
  C:\Program Files (x86)\Microsoft Visual Studio 11.0\VC\bin\CL.exe /c /I"C:/Program Files (x86)/Microsoft DirectX SDK (August 2009)/Include" /Zi /W3 /WX- /Od /Ob0 /Oy- /D WIN32 /D _WINDOWS /D _DEBUG /D "CMAKE_INTDIR=\"Debug\"" /D _MBCS /Gm- /RTC1 /MDd /GS /fp:precise /Zc:wchar_t /Zc:forScope /Fo"cmTryCompileExec346522283.dir\Debug\\" /Fd"D:/Sim_Devel/svn/openrails/Source/3rdPartyLibs/openal-soft/build/CMakeFiles/CMakeTmp/Debug/cmTryCompileExec346522283.pdb" /Gd /TC /analyze- /errorReport:queue CheckSymbolExists.c
  Microsoft (R) C/C++ Optimizing Compiler Version 17.00.51106.1 for x86
  Copyright (C) Microsoft Corporation.  All rights reserved.
  
  cl /c /I"C:/Program Files (x86)/Microsoft DirectX SDK (August 2009)/Include" /Zi /W3 /WX- /Od /Ob0 /Oy- /D WIN32 /D _WINDOWS /D _DEBUG /D "CMAKE_INTDIR=\"Debug\"" /D _MBCS /Gm- /RTC1 /MDd /GS /fp:precise /Zc:wchar_t /Zc:forScope /Fo"cmTryCompileExec346522283.dir\Debug\\" /Fd"D:/Sim_Devel/svn/openrails/Source/3rdPartyLibs/openal-soft/build/CMakeFiles/CMakeTmp/Debug/cmTryCompileExec346522283.pdb" /Gd /TC /analyze- /errorReport:queue CheckSymbolExists.c
  
  CheckSymbolExists.c
CheckSymbolExists.c(8): error C2065: 'aligned_alloc' : undeclared identifier [D:\Sim_Devel\svn\openrails\Source\3rdPartyLibs\openal-soft\build\CMakeFiles\CMakeTmp\cmTryCompileExec346522283.vcxproj]
Done Building Project "D:\Sim_Devel\svn\openrails\Source\3rdPartyLibs\openal-soft\build\CMakeFiles\CMakeTmp\cmTryCompileExec346522283.vcxproj" (default targets) -- FAILED.

Build FAILED.

"D:\Sim_Devel\svn\openrails\Source\3rdPartyLibs\openal-soft\build\CMakeFiles\CMakeTmp\cmTryCompileExec346522283.vcxproj" (default target) (1) ->
(ClCompile target) -> 
  CheckSymbolExists.c(8): error C2065: 'aligned_alloc' : undeclared identifier [D:\Sim_Devel\svn\openrails\Source\3rdPartyLibs\openal-soft\build\CMakeFiles\CMakeTmp\cmTryCompileExec346522283.vcxproj]

    0 Warning(s)
    1 Error(s)

Time Elapsed 00:00:00.29

File D:/Sim_Devel/svn/openrails/Source/3rdPartyLibs/openal-soft/build/CMakeFiles/CMakeTmp/CheckSymbolExists.c:
/* */
#include <stdlib.h>

int main(int argc, char** argv)
{
  (void)argv;
#ifndef aligned_alloc
  return ((int*)(&aligned_alloc))[argc];
#else
  (void)argc;
  return 0;
#endif
}

Determining if the posix_memalign exist failed with the following output:
Change Dir: D:/Sim_Devel/svn/openrails/Source/3rdPartyLibs/openal-soft/build/CMakeFiles/CMakeTmp

Run Build Command:C:\Windows\Microsoft.NET\Framework\v4.0.30319\MSBuild.exe cmTryCompileExec2167239936.vcxproj /p:Configuration=Debug /p:VisualStudioVersion=11.0
Microsoft (R) Build Engine version 4.0.30319.17929
[Microsoft .NET Framework, version 4.0.30319.18034]
Copyright (C) Microsoft Corporation. All rights reserved.

Build started 2013.05.28. 23:19:06.
Project "D:\Sim_Devel\svn\openrails\Source\3rdPartyLibs\openal-soft\build\CMakeFiles\CMakeTmp\cmTryCompileExec2167239936.vcxproj" on node 1 (default targets).
PrepareForBuild:
  Creating directory "cmTryCompileExec2167239936.dir\Debug\".
  Creating directory "D:\Sim_Devel\svn\openrails\Source\3rdPartyLibs\openal-soft\build\CMakeFiles\CMakeTmp\Debug\".
InitializeBuildStatus:
  Creating "cmTryCompileExec2167239936.dir\Debug\cmTryCompileExec2167239936.unsuccessfulbuild" because "AlwaysCreate" was specified.
ClCompile:
  C:\Program Files (x86)\Microsoft Visual Studio 11.0\VC\bin\CL.exe /c /I"C:/Program Files (x86)/Microsoft DirectX SDK (August 2009)/Include" /Zi /W3 /WX- /Od /Ob0 /Oy- /D WIN32 /D _WINDOWS /D _DEBUG /D "CMAKE_INTDIR=\"Debug\"" /D _MBCS /Gm- /RTC1 /MDd /GS /fp:precise /Zc:wchar_t /Zc:forScope /Fo"cmTryCompileExec2167239936.dir\Debug\\" /Fd"D:/Sim_Devel/svn/openrails/Source/3rdPartyLibs/openal-soft/build/CMakeFiles/CMakeTmp/Debug/cmTryCompileExec2167239936.pdb" /Gd /TC /analyze- /errorReport:queue CheckSymbolExists.c
  Microsoft (R) C/C++ Optimizing Compiler Version 17.00.51106.1 for x86
  Copyright (C) Microsoft Corporation.  All rights reserved.
  
  cl /c /I"C:/Program Files (x86)/Microsoft DirectX SDK (August 2009)/Include" /Zi /W3 /WX- /Od /Ob0 /Oy- /D WIN32 /D _WINDOWS /D _DEBUG /D "CMAKE_INTDIR=\"Debug\"" /D _MBCS /Gm- /RTC1 /MDd /GS /fp:precise /Zc:wchar_t /Zc:forScope /Fo"cmTryCompileExec2167239936.dir\Debug\\" /Fd"D:/Sim_Devel/svn/openrails/Source/3rdPartyLibs/openal-soft/build/CMakeFiles/CMakeTmp/Debug/cmTryCompileExec2167239936.pdb" /Gd /TC /analyze- /errorReport:queue CheckSymbolExists.c
  
  CheckSymbolExists.c
CheckSymbolExists.c(8): error C2065: 'posix_memalign' : undeclared identifier [D:\Sim_Devel\svn\openrails\Source\3rdPartyLibs\openal-soft\build\CMakeFiles\CMakeTmp\cmTryCompileExec2167239936.vcxproj]
Done Building Project "D:\Sim_Devel\svn\openrails\Source\3rdPartyLibs\openal-soft\build\CMakeFiles\CMakeTmp\cmTryCompileExec2167239936.vcxproj" (default targets) -- FAILED.

Build FAILED.

"D:\Sim_Devel\svn\openrails\Source\3rdPartyLibs\openal-soft\build\CMakeFiles\CMakeTmp\cmTryCompileExec2167239936.vcxproj" (default target) (1) ->
(ClCompile target) -> 
  CheckSymbolExists.c(8): error C2065: 'posix_memalign' : undeclared identifier [D:\Sim_Devel\svn\openrails\Source\3rdPartyLibs\openal-soft\build\CMakeFiles\CMakeTmp\cmTryCompileExec2167239936.vcxproj]

    0 Warning(s)
    1 Error(s)

Time Elapsed 00:00:00.31

File D:/Sim_Devel/svn/openrails/Source/3rdPartyLibs/openal-soft/build/CMakeFiles/CMakeTmp/CheckSymbolExists.c:
/* */
#include <stdlib.h>

int main(int argc, char** argv)
{
  (void)argv;
#ifndef posix_memalign
  return ((int*)(&posix_memalign))[argc];
#else
  (void)argc;
  return 0;
#endif
}

Determining if the lrintf exist failed with the following output:
Change Dir: D:/Sim_Devel/svn/openrails/Source/3rdPartyLibs/openal-soft/build/CMakeFiles/CMakeTmp

Run Build Command:C:\Windows\Microsoft.NET\Framework\v4.0.30319\MSBuild.exe cmTryCompileExec3966067985.vcxproj /p:Configuration=Debug /p:VisualStudioVersion=11.0
Microsoft (R) Build Engine version 4.0.30319.17929
[Microsoft .NET Framework, version 4.0.30319.18034]
Copyright (C) Microsoft Corporation. All rights reserved.

Build started 2013.05.28. 23:19:07.
Project "D:\Sim_Devel\svn\openrails\Source\3rdPartyLibs\openal-soft\build\CMakeFiles\CMakeTmp\cmTryCompileExec3966067985.vcxproj" on node 1 (default targets).
PrepareForBuild:
  Creating directory "cmTryCompileExec3966067985.dir\Debug\".
  Creating directory "D:\Sim_Devel\svn\openrails\Source\3rdPartyLibs\openal-soft\build\CMakeFiles\CMakeTmp\Debug\".
InitializeBuildStatus:
  Creating "cmTryCompileExec3966067985.dir\Debug\cmTryCompileExec3966067985.unsuccessfulbuild" because "AlwaysCreate" was specified.
ClCompile:
  C:\Program Files (x86)\Microsoft Visual Studio 11.0\VC\bin\CL.exe /c /I"C:/Program Files (x86)/Microsoft DirectX SDK (August 2009)/Include" /Zi /W3 /WX- /Od /Ob0 /Oy- /D WIN32 /D _WINDOWS /D _DEBUG /D "CMAKE_INTDIR=\"Debug\"" /D _MBCS /Gm- /RTC1 /MDd /GS /fp:precise /Zc:wchar_t /Zc:forScope /Fo"cmTryCompileExec3966067985.dir\Debug\\" /Fd"D:/Sim_Devel/svn/openrails/Source/3rdPartyLibs/openal-soft/build/CMakeFiles/CMakeTmp/Debug/cmTryCompileExec3966067985.pdb" /Gd /TC /analyze- /errorReport:queue CheckSymbolExists.c
  Microsoft (R) C/C++ Optimizing Compiler Version 17.00.51106.1 for x86
  Copyright (C) Microsoft Corporation.  All rights reserved.
  
  cl /c /I"C:/Program Files (x86)/Microsoft DirectX SDK (August 2009)/Include" /Zi /W3 /WX- /Od /Ob0 /Oy- /D WIN32 /D _WINDOWS /D _DEBUG /D "CMAKE_INTDIR=\"Debug\"" /D _MBCS /Gm- /RTC1 /MDd /GS /fp:precise /Zc:wchar_t /Zc:forScope /Fo"cmTryCompileExec3966067985.dir\Debug\\" /Fd"D:/Sim_Devel/svn/openrails/Source/3rdPartyLibs/openal-soft/build/CMakeFiles/CMakeTmp/Debug/cmTryCompileExec3966067985.pdb" /Gd /TC /analyze- /errorReport:queue CheckSymbolExists.c
  
  CheckSymbolExists.c
CheckSymbolExists.c(8): error C2065: 'lrintf' : undeclared identifier [D:\Sim_Devel\svn\openrails\Source\3rdPartyLibs\openal-soft\build\CMakeFiles\CMakeTmp\cmTryCompileExec3966067985.vcxproj]
Done Building Project "D:\Sim_Devel\svn\openrails\Source\3rdPartyLibs\openal-soft\build\CMakeFiles\CMakeTmp\cmTryCompileExec3966067985.vcxproj" (default targets) -- FAILED.

Build FAILED.

"D:\Sim_Devel\svn\openrails\Source\3rdPartyLibs\openal-soft\build\CMakeFiles\CMakeTmp\cmTryCompileExec3966067985.vcxproj" (default target) (1) ->
(ClCompile target) -> 
  CheckSymbolExists.c(8): error C2065: 'lrintf' : undeclared identifier [D:\Sim_Devel\svn\openrails\Source\3rdPartyLibs\openal-soft\build\CMakeFiles\CMakeTmp\cmTryCompileExec3966067985.vcxproj]

    0 Warning(s)
    1 Error(s)

Time Elapsed 00:00:00.32

File D:/Sim_Devel/svn/openrails/Source/3rdPartyLibs/openal-soft/build/CMakeFiles/CMakeTmp/CheckSymbolExists.c:
/* */
#include <math.h>

int main(int argc, char** argv)
{
  (void)argv;
#ifndef lrintf
  return ((int*)(&lrintf))[argc];
#else
  (void)argc;
  return 0;
#endif
}

Determining if the function strtof exists failed with the following output:
Change Dir: D:/Sim_Devel/svn/openrails/Source/3rdPartyLibs/openal-soft/build/CMakeFiles/CMakeTmp

Run Build Command:C:\Windows\Microsoft.NET\Framework\v4.0.30319\MSBuild.exe cmTryCompileExec1144886334.vcxproj /p:Configuration=Debug /p:VisualStudioVersion=11.0
Microsoft (R) Build Engine version 4.0.30319.17929
[Microsoft .NET Framework, version 4.0.30319.18034]
Copyright (C) Microsoft Corporation. All rights reserved.

Build started 2013.05.28. 23:19:09.
Project "D:\Sim_Devel\svn\openrails\Source\3rdPartyLibs\openal-soft\build\CMakeFiles\CMakeTmp\cmTryCompileExec1144886334.vcxproj" on node 1 (default targets).
PrepareForBuild:
  Creating directory "cmTryCompileExec1144886334.dir\Debug\".
  Creating directory "D:\Sim_Devel\svn\openrails\Source\3rdPartyLibs\openal-soft\build\CMakeFiles\CMakeTmp\Debug\".
InitializeBuildStatus:
  Creating "cmTryCompileExec1144886334.dir\Debug\cmTryCompileExec1144886334.unsuccessfulbuild" because "AlwaysCreate" was specified.
ClCompile:
  C:\Program Files (x86)\Microsoft Visual Studio 11.0\VC\bin\CL.exe /c /I"C:/Program Files (x86)/Microsoft DirectX SDK (August 2009)/Include" /Zi /W3 /WX- /Od /Ob0 /Oy- /D WIN32 /D _WINDOWS /D CHECK_FUNCTION_EXISTS=strtof /D _DEBUG /D "CMAKE_INTDIR=\"Debug\"" /D _MBCS /Gm- /RTC1 /MDd /GS /fp:precise /Zc:wchar_t /Zc:forScope /Fo"cmTryCompileExec1144886334.dir\Debug\\" /Fd"D:/Sim_Devel/svn/openrails/Source/3rdPartyLibs/openal-soft/build/CMakeFiles/CMakeTmp/Debug/cmTryCompileExec1144886334.pdb" /Gd /TC /analyze- /errorReport:queue "C:\Program Files (x86)\CMake 2.8\share\cmake-2.8\Modules\CheckFunctionExists.c"
  Microsoft (R) C/C++ Optimizing Compiler Version 17.00.51106.1 for x86
  Copyright (C) Microsoft Corporation.  All rights reserved.
  
  cl /c /I"C:/Program Files (x86)/Microsoft DirectX SDK (August 2009)/Include" /Zi /W3 /WX- /Od /Ob0 /Oy- /D WIN32 /D _WINDOWS /D CHECK_FUNCTION_EXISTS=strtof /D _DEBUG /D "CMAKE_INTDIR=\"Debug\"" /D _MBCS /Gm- /RTC1 /MDd /GS /fp:precise /Zc:wchar_t /Zc:forScope /Fo"cmTryCompileExec1144886334.dir\Debug\\" /Fd"D:/Sim_Devel/svn/openrails/Source/3rdPartyLibs/openal-soft/build/CMakeFiles/CMakeTmp/Debug/cmTryCompileExec1144886334.pdb" /Gd /TC /analyze- /errorReport:queue "C:\Program Files (x86)\CMake 2.8\share\cmake-2.8\Modules\CheckFunctionExists.c"
  
  CheckFunctionExists.c
Link:
  C:\Program Files (x86)\Microsoft Visual Studio 11.0\VC\bin\link.exe /ERRORREPORT:QUEUE /OUT:"D:\Sim_Devel\svn\openrails\Source\3rdPartyLibs\openal-soft\build\CMakeFiles\CMakeTmp\Debug\cmTryCompileExec1144886334.exe" /INCREMENTAL /NOLOGO kernel32.lib user32.lib gdi32.lib winspool.lib shell32.lib ole32.lib oleaut32.lib uuid.lib comdlg32.lib advapi32.lib /MANIFEST /MANIFESTUAC:"level='asInvoker' uiAccess='false'" /manifest:embed /DEBUG /PDB:"D:/Sim_Devel/svn/openrails/Source/3rdPartyLibs/openal-soft/build/CMakeFiles/CMakeTmp/Debug/cmTryCompileExec1144886334.pdb" /SUBSYSTEM:CONSOLE /TLBID:1 /DYNAMICBASE /NXCOMPAT /IMPLIB:"D:/Sim_Devel/svn/openrails/Source/3rdPartyLibs/openal-soft/build/CMakeFiles/CMakeTmp/Debug/cmTryCompileExec1144886334.lib" /MACHINE:X86 /SAFESEH  /machine:X86 /debug cmTryCompileExec1144886334.dir\Debug\CheckFunctionExists.obj
CheckFunctionExists.obj : error LNK2019: unresolved external symbol _strtof referenced in function _main [D:\Sim_Devel\svn\openrails\Source\3rdPartyLibs\openal-soft\build\CMakeFiles\CMakeTmp\cmTryCompileExec1144886334.vcxproj]
D:\Sim_Devel\svn\openrails\Source\3rdPartyLibs\openal-soft\build\CMakeFiles\CMakeTmp\Debug\cmTryCompileExec1144886334.exe : fatal error LNK1120: 1 unresolved externals [D:\Sim_Devel\svn\openrails\Source\3rdPartyLibs\openal-soft\build\CMakeFiles\CMakeTmp\cmTryCompileExec1144886334.vcxproj]
Done Building Project "D:\Sim_Devel\svn\openrails\Source\3rdPartyLibs\openal-soft\build\CMakeFiles\CMakeTmp\cmTryCompileExec1144886334.vcxproj" (default targets) -- FAILED.

Build FAILED.

"D:\Sim_Devel\svn\openrails\Source\3rdPartyLibs\openal-soft\build\CMakeFiles\CMakeTmp\cmTryCompileExec1144886334.vcxproj" (default target) (1) ->
(Link target) -> 
  CheckFunctionExists.obj : error LNK2019: unresolved external symbol _strtof referenced in function _main [D:\Sim_Devel\svn\openrails\Source\3rdPartyLibs\openal-soft\build\CMakeFiles\CMakeTmp\cmTryCompileExec1144886334.vcxproj]
  D:\Sim_Devel\svn\openrails\Source\3rdPartyLibs\openal-soft\build\CMakeFiles\CMakeTmp\Debug\cmTryCompileExec1144886334.exe : fatal error LNK1120: 1 unresolved externals [D:\Sim_Devel\svn\openrails\Source\3rdPartyLibs\openal-soft\build\CMakeFiles\CMakeTmp\cmTryCompileExec1144886334.vcxproj]

    0 Warning(s)
    2 Error(s)

Time Elapsed 00:00:00.47


Determining if the function strcasecmp exists failed with the following output:
Change Dir: D:/Sim_Devel/svn/openrails/Source/3rdPartyLibs/openal-soft/build/CMakeFiles/CMakeTmp

Run Build Command:C:\Windows\Microsoft.NET\Framework\v4.0.30319\MSBuild.exe cmTryCompileExec1712633510.vcxproj /p:Configuration=Debug /p:VisualStudioVersion=11.0
Microsoft (R) Build Engine version 4.0.30319.17929
[Microsoft .NET Framework, version 4.0.30319.18034]
Copyright (C) Microsoft Corporation. All rights reserved.

Build started 2013.05.28. 23:19:11.
Project "D:\Sim_Devel\svn\openrails\Source\3rdPartyLibs\openal-soft\build\CMakeFiles\CMakeTmp\cmTryCompileExec1712633510.vcxproj" on node 1 (default targets).
PrepareForBuild:
  Creating directory "cmTryCompileExec1712633510.dir\Debug\".
  Creating directory "D:\Sim_Devel\svn\openrails\Source\3rdPartyLibs\openal-soft\build\CMakeFiles\CMakeTmp\Debug\".
InitializeBuildStatus:
  Creating "cmTryCompileExec1712633510.dir\Debug\cmTryCompileExec1712633510.unsuccessfulbuild" because "AlwaysCreate" was specified.
ClCompile:
  C:\Program Files (x86)\Microsoft Visual Studio 11.0\VC\bin\CL.exe /c /I"C:/Program Files (x86)/Microsoft DirectX SDK (August 2009)/Include" /Zi /W3 /WX- /Od /Ob0 /Oy- /D WIN32 /D _WINDOWS /D CHECK_FUNCTION_EXISTS=strcasecmp /D _DEBUG /D "CMAKE_INTDIR=\"Debug\"" /D _MBCS /Gm- /RTC1 /MDd /GS /fp:precise /Zc:wchar_t /Zc:forScope /Fo"cmTryCompileExec1712633510.dir\Debug\\" /Fd"D:/Sim_Devel/svn/openrails/Source/3rdPartyLibs/openal-soft/build/CMakeFiles/CMakeTmp/Debug/cmTryCompileExec1712633510.pdb" /Gd /TC /analyze- /errorReport:queue "C:\Program Files (x86)\CMake 2.8\share\cmake-2.8\Modules\CheckFunctionExists.c"
  Microsoft (R) C/C++ Optimizing Compiler Version 17.00.51106.1 for x86
  Copyright (C) Microsoft Corporation.  All rights reserved.
  
  cl /c /I"C:/Program Files (x86)/Microsoft DirectX SDK (August 2009)/Include" /Zi /W3 /WX- /Od /Ob0 /Oy- /D WIN32 /D _WINDOWS /D CHECK_FUNCTION_EXISTS=strcasecmp /D _DEBUG /D "CMAKE_INTDIR=\"Debug\"" /D _MBCS /Gm- /RTC1 /MDd /GS /fp:precise /Zc:wchar_t /Zc:forScope /Fo"cmTryCompileExec1712633510.dir\Debug\\" /Fd"D:/Sim_Devel/svn/openrails/Source/3rdPartyLibs/openal-soft/build/CMakeFiles/CMakeTmp/Debug/cmTryCompileExec1712633510.pdb" /Gd /TC /analyze- /errorReport:queue "C:\Program Files (x86)\CMake 2.8\share\cmake-2.8\Modules\CheckFunctionExists.c"
  
  CheckFunctionExists.c
Link:
  C:\Program Files (x86)\Microsoft Visual Studio 11.0\VC\bin\link.exe /ERRORREPORT:QUEUE /OUT:"D:\Sim_Devel\svn\openrails\Source\3rdPartyLibs\openal-soft\build\CMakeFiles\CMakeTmp\Debug\cmTryCompileExec1712633510.exe" /INCREMENTAL /NOLOGO kernel32.lib user32.lib gdi32.lib winspool.lib shell32.lib ole32.lib oleaut32.lib uuid.lib comdlg32.lib advapi32.lib /MANIFEST /MANIFESTUAC:"level='asInvoker' uiAccess='false'" /manifest:embed /DEBUG /PDB:"D:/Sim_Devel/svn/openrails/Source/3rdPartyLibs/openal-soft/build/CMakeFiles/CMakeTmp/Debug/cmTryCompileExec1712633510.pdb" /SUBSYSTEM:CONSOLE /TLBID:1 /DYNAMICBASE /NXCOMPAT /IMPLIB:"D:/Sim_Devel/svn/openrails/Source/3rdPartyLibs/openal-soft/build/CMakeFiles/CMakeTmp/Debug/cmTryCompileExec1712633510.lib" /MACHINE:X86 /SAFESEH  /machine:X86 /debug cmTryCompileExec1712633510.dir\Debug\CheckFunctionExists.obj
CheckFunctionExists.obj : error LNK2019: unresolved external symbol _strcasecmp referenced in function _main [D:\Sim_Devel\svn\openrails\Source\3rdPartyLibs\openal-soft\build\CMakeFiles\CMakeTmp\cmTryCompileExec1712633510.vcxproj]
D:\Sim_Devel\svn\openrails\Source\3rdPartyLibs\openal-soft\build\CMakeFiles\CMakeTmp\Debug\cmTryCompileExec1712633510.exe : fatal error LNK1120: 1 unresolved externals [D:\Sim_Devel\svn\openrails\Source\3rdPartyLibs\openal-soft\build\CMakeFiles\CMakeTmp\cmTryCompileExec1712633510.vcxproj]
Done Building Project "D:\Sim_Devel\svn\openrails\Source\3rdPartyLibs\openal-soft\build\CMakeFiles\CMakeTmp\cmTryCompileExec1712633510.vcxproj" (default targets) -- FAILED.

Build FAILED.

"D:\Sim_Devel\svn\openrails\Source\3rdPartyLibs\openal-soft\build\CMakeFiles\CMakeTmp\cmTryCompileExec1712633510.vcxproj" (default target) (1) ->
(Link target) -> 
  CheckFunctionExists.obj : error LNK2019: unresolved external symbol _strcasecmp referenced in function _main [D:\Sim_Devel\svn\openrails\Source\3rdPartyLibs\openal-soft\build\CMakeFiles\CMakeTmp\cmTryCompileExec1712633510.vcxproj]
  D:\Sim_Devel\svn\openrails\Source\3rdPartyLibs\openal-soft\build\CMakeFiles\CMakeTmp\Debug\cmTryCompileExec1712633510.exe : fatal error LNK1120: 1 unresolved externals [D:\Sim_Devel\svn\openrails\Source\3rdPartyLibs\openal-soft\build\CMakeFiles\CMakeTmp\cmTryCompileExec1712633510.vcxproj]

    0 Warning(s)
    2 Error(s)

Time Elapsed 00:00:00.41


Determining if the function strncasecmp exists failed with the following output:
Change Dir: D:/Sim_Devel/svn/openrails/Source/3rdPartyLibs/openal-soft/build/CMakeFiles/CMakeTmp

Run Build Command:C:\Windows\Microsoft.NET\Framework\v4.0.30319\MSBuild.exe cmTryCompileExec3667995688.vcxproj /p:Configuration=Debug /p:VisualStudioVersion=11.0
Microsoft (R) Build Engine version 4.0.30319.17929
[Microsoft .NET Framework, version 4.0.30319.18034]
Copyright (C) Microsoft Corporation. All rights reserved.

Build started 2013.05.28. 23:19:12.
Project "D:\Sim_Devel\svn\openrails\Source\3rdPartyLibs\openal-soft\build\CMakeFiles\CMakeTmp\cmTryCompileExec3667995688.vcxproj" on node 1 (default targets).
PrepareForBuild:
  Creating directory "cmTryCompileExec3667995688.dir\Debug\".
  Creating directory "D:\Sim_Devel\svn\openrails\Source\3rdPartyLibs\openal-soft\build\CMakeFiles\CMakeTmp\Debug\".
InitializeBuildStatus:
  Creating "cmTryCompileExec3667995688.dir\Debug\cmTryCompileExec3667995688.unsuccessfulbuild" because "AlwaysCreate" was specified.
ClCompile:
  C:\Program Files (x86)\Microsoft Visual Studio 11.0\VC\bin\CL.exe /c /I"C:/Program Files (x86)/Microsoft DirectX SDK (August 2009)/Include" /Zi /W3 /WX- /Od /Ob0 /Oy- /D WIN32 /D _WINDOWS /D CHECK_FUNCTION_EXISTS=strncasecmp /D _DEBUG /D "CMAKE_INTDIR=\"Debug\"" /D _MBCS /Gm- /RTC1 /MDd /GS /fp:precise /Zc:wchar_t /Zc:forScope /Fo"cmTryCompileExec3667995688.dir\Debug\\" /Fd"D:/Sim_Devel/svn/openrails/Source/3rdPartyLibs/openal-soft/build/CMakeFiles/CMakeTmp/Debug/cmTryCompileExec3667995688.pdb" /Gd /TC /analyze- /errorReport:queue "C:\Program Files (x86)\CMake 2.8\share\cmake-2.8\Modules\CheckFunctionExists.c"
  Microsoft (R) C/C++ Optimizing Compiler Version 17.00.51106.1 for x86
  Copyright (C) Microsoft Corporation.  All rights reserved.
  
  cl /c /I"C:/Program Files (x86)/Microsoft DirectX SDK (August 2009)/Include" /Zi /W3 /WX- /Od /Ob0 /Oy- /D WIN32 /D _WINDOWS /D CHECK_FUNCTION_EXISTS=strncasecmp /D _DEBUG /D "CMAKE_INTDIR=\"Debug\"" /D _MBCS /Gm- /RTC1 /MDd /GS /fp:precise /Zc:wchar_t /Zc:forScope /Fo"cmTryCompileExec3667995688.dir\Debug\\" /Fd"D:/Sim_Devel/svn/openrails/Source/3rdPartyLibs/openal-soft/build/CMakeFiles/CMakeTmp/Debug/cmTryCompileExec3667995688.pdb" /Gd /TC /analyze- /errorReport:queue "C:\Program Files (x86)\CMake 2.8\share\cmake-2.8\Modules\CheckFunctionExists.c"
  
  CheckFunctionExists.c
Link:
  C:\Program Files (x86)\Microsoft Visual Studio 11.0\VC\bin\link.exe /ERRORREPORT:QUEUE /OUT:"D:\Sim_Devel\svn\openrails\Source\3rdPartyLibs\openal-soft\build\CMakeFiles\CMakeTmp\Debug\cmTryCompileExec3667995688.exe" /INCREMENTAL /NOLOGO kernel32.lib user32.lib gdi32.lib winspool.lib shell32.lib ole32.lib oleaut32.lib uuid.lib comdlg32.lib advapi32.lib /MANIFEST /MANIFESTUAC:"level='asInvoker' uiAccess='false'" /manifest:embed /DEBUG /PDB:"D:/Sim_Devel/svn/openrails/Source/3rdPartyLibs/openal-soft/build/CMakeFiles/CMakeTmp/Debug/cmTryCompileExec3667995688.pdb" /SUBSYSTEM:CONSOLE /TLBID:1 /DYNAMICBASE /NXCOMPAT /IMPLIB:"D:/Sim_Devel/svn/openrails/Source/3rdPartyLibs/openal-soft/build/CMakeFiles/CMakeTmp/Debug/cmTryCompileExec3667995688.lib" /MACHINE:X86 /SAFESEH  /machine:X86 /debug cmTryCompileExec3667995688.dir\Debug\CheckFunctionExists.obj
CheckFunctionExists.obj : error LNK2019: unresolved external symbol _strncasecmp referenced in function _main [D:\Sim_Devel\svn\openrails\Source\3rdPartyLibs\openal-soft\build\CMakeFiles\CMakeTmp\cmTryCompileExec3667995688.vcxproj]
D:\Sim_Devel\svn\openrails\Source\3rdPartyLibs\openal-soft\build\CMakeFiles\CMakeTmp\Debug\cmTryCompileExec3667995688.exe : fatal error LNK1120: 1 unresolved externals [D:\Sim_Devel\svn\openrails\Source\3rdPartyLibs\openal-soft\build\CMakeFiles\CMakeTmp\cmTryCompileExec3667995688.vcxproj]
Done Building Project "D:\Sim_Devel\svn\openrails\Source\3rdPartyLibs\openal-soft\build\CMakeFiles\CMakeTmp\cmTryCompileExec3667995688.vcxproj" (default targets) -- FAILED.

Build FAILED.

"D:\Sim_Devel\svn\openrails\Source\3rdPartyLibs\openal-soft\build\CMakeFiles\CMakeTmp\cmTryCompileExec3667995688.vcxproj" (default target) (1) ->
(Link target) -> 
  CheckFunctionExists.obj : error LNK2019: unresolved external symbol _strncasecmp referenced in function _main [D:\Sim_Devel\svn\openrails\Source\3rdPartyLibs\openal-soft\build\CMakeFiles\CMakeTmp\cmTryCompileExec3667995688.vcxproj]
  D:\Sim_Devel\svn\openrails\Source\3rdPartyLibs\openal-soft\build\CMakeFiles\CMakeTmp\Debug\cmTryCompileExec3667995688.exe : fatal error LNK1120: 1 unresolved externals [D:\Sim_Devel\svn\openrails\Source\3rdPartyLibs\openal-soft\build\CMakeFiles\CMakeTmp\cmTryCompileExec3667995688.vcxproj]

    0 Warning(s)
    2 Error(s)

Time Elapsed 00:00:00.49


Determining if the function snprintf exists failed with the following output:
Change Dir: D:/Sim_Devel/svn/openrails/Source/3rdPartyLibs/openal-soft/build/CMakeFiles/CMakeTmp

Run Build Command:C:\Windows\Microsoft.NET\Framework\v4.0.30319\MSBuild.exe cmTryCompileExec1861586106.vcxproj /p:Configuration=Debug /p:VisualStudioVersion=11.0
Microsoft (R) Build Engine version 4.0.30319.17929
[Microsoft .NET Framework, version 4.0.30319.18034]
Copyright (C) Microsoft Corporation. All rights reserved.

Build started 2013.05.28. 23:19:13.
Project "D:\Sim_Devel\svn\openrails\Source\3rdPartyLibs\openal-soft\build\CMakeFiles\CMakeTmp\cmTryCompileExec1861586106.vcxproj" on node 1 (default targets).
PrepareForBuild:
  Creating directory "cmTryCompileExec1861586106.dir\Debug\".
  Creating directory "D:\Sim_Devel\svn\openrails\Source\3rdPartyLibs\openal-soft\build\CMakeFiles\CMakeTmp\Debug\".
InitializeBuildStatus:
  Creating "cmTryCompileExec1861586106.dir\Debug\cmTryCompileExec1861586106.unsuccessfulbuild" because "AlwaysCreate" was specified.
ClCompile:
  C:\Program Files (x86)\Microsoft Visual Studio 11.0\VC\bin\CL.exe /c /I"C:/Program Files (x86)/Microsoft DirectX SDK (August 2009)/Include" /Zi /W3 /WX- /Od /Ob0 /Oy- /D WIN32 /D _WINDOWS /D CHECK_FUNCTION_EXISTS=snprintf /D _DEBUG /D "CMAKE_INTDIR=\"Debug\"" /D _MBCS /Gm- /RTC1 /MDd /GS /fp:precise /Zc:wchar_t /Zc:forScope /Fo"cmTryCompileExec1861586106.dir\Debug\\" /Fd"D:/Sim_Devel/svn/openrails/Source/3rdPartyLibs/openal-soft/build/CMakeFiles/CMakeTmp/Debug/cmTryCompileExec1861586106.pdb" /Gd /TC /analyze- /errorReport:queue "C:\Program Files (x86)\CMake 2.8\share\cmake-2.8\Modules\CheckFunctionExists.c"
  Microsoft (R) C/C++ Optimizing Compiler Version 17.00.51106.1 for x86
  Copyright (C) Microsoft Corporation.  All rights reserved.
  
  cl /c /I"C:/Program Files (x86)/Microsoft DirectX SDK (August 2009)/Include" /Zi /W3 /WX- /Od /Ob0 /Oy- /D WIN32 /D _WINDOWS /D CHECK_FUNCTION_EXISTS=snprintf /D _DEBUG /D "CMAKE_INTDIR=\"Debug\"" /D _MBCS /Gm- /RTC1 /MDd /GS /fp:precise /Zc:wchar_t /Zc:forScope /Fo"cmTryCompileExec1861586106.dir\Debug\\" /Fd"D:/Sim_Devel/svn/openrails/Source/3rdPartyLibs/openal-soft/build/CMakeFiles/CMakeTmp/Debug/cmTryCompileExec1861586106.pdb" /Gd /TC /analyze- /errorReport:queue "C:\Program Files (x86)\CMake 2.8\share\cmake-2.8\Modules\CheckFunctionExists.c"
  
  CheckFunctionExists.c
Link:
  C:\Program Files (x86)\Microsoft Visual Studio 11.0\VC\bin\link.exe /ERRORREPORT:QUEUE /OUT:"D:\Sim_Devel\svn\openrails\Source\3rdPartyLibs\openal-soft\build\CMakeFiles\CMakeTmp\Debug\cmTryCompileExec1861586106.exe" /INCREMENTAL /NOLOGO kernel32.lib user32.lib gdi32.lib winspool.lib shell32.lib ole32.lib oleaut32.lib uuid.lib comdlg32.lib advapi32.lib /MANIFEST /MANIFESTUAC:"level='asInvoker' uiAccess='false'" /manifest:embed /DEBUG /PDB:"D:/Sim_Devel/svn/openrails/Source/3rdPartyLibs/openal-soft/build/CMakeFiles/CMakeTmp/Debug/cmTryCompileExec1861586106.pdb" /SUBSYSTEM:CONSOLE /TLBID:1 /DYNAMICBASE /NXCOMPAT /IMPLIB:"D:/Sim_Devel/svn/openrails/Source/3rdPartyLibs/openal-soft/build/CMakeFiles/CMakeTmp/Debug/cmTryCompileExec1861586106.lib" /MACHINE:X86 /SAFESEH  /machine:X86 /debug cmTryCompileExec1861586106.dir\Debug\CheckFunctionExists.obj
CheckFunctionExists.obj : error LNK2019: unresolved external symbol _snprintf referenced in function _main [D:\Sim_Devel\svn\openrails\Source\3rdPartyLibs\openal-soft\build\CMakeFiles\CMakeTmp\cmTryCompileExec1861586106.vcxproj]
D:\Sim_Devel\svn\openrails\Source\3rdPartyLibs\openal-soft\build\CMakeFiles\CMakeTmp\Debug\cmTryCompileExec1861586106.exe : fatal error LNK1120: 1 unresolved externals [D:\Sim_Devel\svn\openrails\Source\3rdPartyLibs\openal-soft\build\CMakeFiles\CMakeTmp\cmTryCompileExec1861586106.vcxproj]
Done Building Project "D:\Sim_Devel\svn\openrails\Source\3rdPartyLibs\openal-soft\build\CMakeFiles\CMakeTmp\cmTryCompileExec1861586106.vcxproj" (default targets) -- FAILED.

Build FAILED.

"D:\Sim_Devel\svn\openrails\Source\3rdPartyLibs\openal-soft\build\CMakeFiles\CMakeTmp\cmTryCompileExec1861586106.vcxproj" (default target) (1) ->
(Link target) -> 
  CheckFunctionExists.obj : error LNK2019: unresolved external symbol _snprintf referenced in function _main [D:\Sim_Devel\svn\openrails\Source\3rdPartyLibs\openal-soft\build\CMakeFiles\CMakeTmp\cmTryCompileExec1861586106.vcxproj]
  D:\Sim_Devel\svn\openrails\Source\3rdPartyLibs\openal-soft\build\CMakeFiles\CMakeTmp\Debug\cmTryCompileExec1861586106.exe : fatal error LNK1120: 1 unresolved externals [D:\Sim_Devel\svn\openrails\Source\3rdPartyLibs\openal-soft\build\CMakeFiles\CMakeTmp\cmTryCompileExec1861586106.vcxproj]

    0 Warning(s)
    2 Error(s)

Time Elapsed 00:00:00.48


Determining if the isfinite exist failed with the following output:
Change Dir: D:/Sim_Devel/svn/openrails/Source/3rdPartyLibs/openal-soft/build/CMakeFiles/CMakeTmp

Run Build Command:C:\Windows\Microsoft.NET\Framework\v4.0.30319\MSBuild.exe cmTryCompileExec2226193778.vcxproj /p:Configuration=Debug /p:VisualStudioVersion=11.0
Microsoft (R) Build Engine version 4.0.30319.17929
[Microsoft .NET Framework, version 4.0.30319.18034]
Copyright (C) Microsoft Corporation. All rights reserved.

Build started 2013.05.28. 23:19:15.
Project "D:\Sim_Devel\svn\openrails\Source\3rdPartyLibs\openal-soft\build\CMakeFiles\CMakeTmp\cmTryCompileExec2226193778.vcxproj" on node 1 (default targets).
PrepareForBuild:
  Creating directory "cmTryCompileExec2226193778.dir\Debug\".
  Creating directory "D:\Sim_Devel\svn\openrails\Source\3rdPartyLibs\openal-soft\build\CMakeFiles\CMakeTmp\Debug\".
InitializeBuildStatus:
  Creating "cmTryCompileExec2226193778.dir\Debug\cmTryCompileExec2226193778.unsuccessfulbuild" because "AlwaysCreate" was specified.
ClCompile:
  C:\Program Files (x86)\Microsoft Visual Studio 11.0\VC\bin\CL.exe /c /I"C:/Program Files (x86)/Microsoft DirectX SDK (August 2009)/Include" /Zi /W3 /WX- /Od /Ob0 /Oy- /D WIN32 /D _WINDOWS /D _DEBUG /D "CMAKE_INTDIR=\"Debug\"" /D _MBCS /Gm- /RTC1 /MDd /GS /fp:precise /Zc:wchar_t /Zc:forScope /Fo"cmTryCompileExec2226193778.dir\Debug\\" /Fd"D:/Sim_Devel/svn/openrails/Source/3rdPartyLibs/openal-soft/build/CMakeFiles/CMakeTmp/Debug/cmTryCompileExec2226193778.pdb" /Gd /TC /analyze- /errorReport:queue CheckSymbolExists.c
  Microsoft (R) C/C++ Optimizing Compiler Version 17.00.51106.1 for x86
  Copyright (C) Microsoft Corporation.  All rights reserved.
  
  cl /c /I"C:/Program Files (x86)/Microsoft DirectX SDK (August 2009)/Include" /Zi /W3 /WX- /Od /Ob0 /Oy- /D WIN32 /D _WINDOWS /D _DEBUG /D "CMAKE_INTDIR=\"Debug\"" /D _MBCS /Gm- /RTC1 /MDd /GS /fp:precise /Zc:wchar_t /Zc:forScope /Fo"cmTryCompileExec2226193778.dir\Debug\\" /Fd"D:/Sim_Devel/svn/openrails/Source/3rdPartyLibs/openal-soft/build/CMakeFiles/CMakeTmp/Debug/cmTryCompileExec2226193778.pdb" /Gd /TC /analyze- /errorReport:queue CheckSymbolExists.c
  
  CheckSymbolExists.c
CheckSymbolExists.c(8): error C2065: 'isfinite' : undeclared identifier [D:\Sim_Devel\svn\openrails\Source\3rdPartyLibs\openal-soft\build\CMakeFiles\CMakeTmp\cmTryCompileExec2226193778.vcxproj]
Done Building Project "D:\Sim_Devel\svn\openrails\Source\3rdPartyLibs\openal-soft\build\CMakeFiles\CMakeTmp\cmTryCompileExec2226193778.vcxproj" (default targets) -- FAILED.

Build FAILED.

"D:\Sim_Devel\svn\openrails\Source\3rdPartyLibs\openal-soft\build\CMakeFiles\CMakeTmp\cmTryCompileExec2226193778.vcxproj" (default target) (1) ->
(ClCompile target) -> 
  CheckSymbolExists.c(8): error C2065: 'isfinite' : undeclared identifier [D:\Sim_Devel\svn\openrails\Source\3rdPartyLibs\openal-soft\build\CMakeFiles\CMakeTmp\cmTryCompileExec2226193778.vcxproj]

    0 Warning(s)
    1 Error(s)

Time Elapsed 00:00:00.32

File D:/Sim_Devel/svn/openrails/Source/3rdPartyLibs/openal-soft/build/CMakeFiles/CMakeTmp/CheckSymbolExists.c:
/* */
#include <math.h>

int main(int argc, char** argv)
{
  (void)argv;
#ifndef isfinite
  return ((int*)(&isfinite))[argc];
#else
  (void)argc;
  return 0;
#endif
}

Determining if the function finite exists failed with the following output:
Change Dir: D:/Sim_Devel/svn/openrails/Source/3rdPartyLibs/openal-soft/build/CMakeFiles/CMakeTmp

Run Build Command:C:\Windows\Microsoft.NET\Framework\v4.0.30319\MSBuild.exe cmTryCompileExec3934856744.vcxproj /p:Configuration=Debug /p:VisualStudioVersion=11.0
Microsoft (R) Build Engine version 4.0.30319.17929
[Microsoft .NET Framework, version 4.0.30319.18034]
Copyright (C) Microsoft Corporation. All rights reserved.

Build started 2013.05.28. 23:19:16.
Project "D:\Sim_Devel\svn\openrails\Source\3rdPartyLibs\openal-soft\build\CMakeFiles\CMakeTmp\cmTryCompileExec3934856744.vcxproj" on node 1 (default targets).
PrepareForBuild:
  Creating directory "cmTryCompileExec3934856744.dir\Debug\".
  Creating directory "D:\Sim_Devel\svn\openrails\Source\3rdPartyLibs\openal-soft\build\CMakeFiles\CMakeTmp\Debug\".
InitializeBuildStatus:
  Creating "cmTryCompileExec3934856744.dir\Debug\cmTryCompileExec3934856744.unsuccessfulbuild" because "AlwaysCreate" was specified.
ClCompile:
  C:\Program Files (x86)\Microsoft Visual Studio 11.0\VC\bin\CL.exe /c /I"C:/Program Files (x86)/Microsoft DirectX SDK (August 2009)/Include" /Zi /W3 /WX- /Od /Ob0 /Oy- /D WIN32 /D _WINDOWS /D CHECK_FUNCTION_EXISTS=finite /D _DEBUG /D "CMAKE_INTDIR=\"Debug\"" /D _MBCS /Gm- /RTC1 /MDd /GS /fp:precise /Zc:wchar_t /Zc:forScope /Fo"cmTryCompileExec3934856744.dir\Debug\\" /Fd"D:/Sim_Devel/svn/openrails/Source/3rdPartyLibs/openal-soft/build/CMakeFiles/CMakeTmp/Debug/cmTryCompileExec3934856744.pdb" /Gd /TC /analyze- /errorReport:queue "C:\Program Files (x86)\CMake 2.8\share\cmake-2.8\Modules\CheckFunctionExists.c"
  Microsoft (R) C/C++ Optimizing Compiler Version 17.00.51106.1 for x86
  Copyright (C) Microsoft Corporation.  All rights reserved.
  
  cl /c /I"C:/Program Files (x86)/Microsoft DirectX SDK (August 2009)/Include" /Zi /W3 /WX- /Od /Ob0 /Oy- /D WIN32 /D _WINDOWS /D CHECK_FUNCTION_EXISTS=finite /D _DEBUG /D "CMAKE_INTDIR=\"Debug\"" /D _MBCS /Gm- /RTC1 /MDd /GS /fp:precise /Zc:wchar_t /Zc:forScope /Fo"cmTryCompileExec3934856744.dir\Debug\\" /Fd"D:/Sim_Devel/svn/openrails/Source/3rdPartyLibs/openal-soft/build/CMakeFiles/CMakeTmp/Debug/cmTryCompileExec3934856744.pdb" /Gd /TC /analyze- /errorReport:queue "C:\Program Files (x86)\CMake 2.8\share\cmake-2.8\Modules\CheckFunctionExists.c"
  
  CheckFunctionExists.c
Link:
  C:\Program Files (x86)\Microsoft Visual Studio 11.0\VC\bin\link.exe /ERRORREPORT:QUEUE /OUT:"D:\Sim_Devel\svn\openrails\Source\3rdPartyLibs\openal-soft\build\CMakeFiles\CMakeTmp\Debug\cmTryCompileExec3934856744.exe" /INCREMENTAL /NOLOGO kernel32.lib user32.lib gdi32.lib winspool.lib shell32.lib ole32.lib oleaut32.lib uuid.lib comdlg32.lib advapi32.lib /MANIFEST /MANIFESTUAC:"level='asInvoker' uiAccess='false'" /manifest:embed /DEBUG /PDB:"D:/Sim_Devel/svn/openrails/Source/3rdPartyLibs/openal-soft/build/CMakeFiles/CMakeTmp/Debug/cmTryCompileExec3934856744.pdb" /SUBSYSTEM:CONSOLE /TLBID:1 /DYNAMICBASE /NXCOMPAT /IMPLIB:"D:/Sim_Devel/svn/openrails/Source/3rdPartyLibs/openal-soft/build/CMakeFiles/CMakeTmp/Debug/cmTryCompileExec3934856744.lib" /MACHINE:X86 /SAFESEH  /machine:X86 /debug cmTryCompileExec3934856744.dir\Debug\CheckFunctionExists.obj
CheckFunctionExists.obj : error LNK2019: unresolved external symbol _finite referenced in function _main [D:\Sim_Devel\svn\openrails\Source\3rdPartyLibs\openal-soft\build\CMakeFiles\CMakeTmp\cmTryCompileExec3934856744.vcxproj]
D:\Sim_Devel\svn\openrails\Source\3rdPartyLibs\openal-soft\build\CMakeFiles\CMakeTmp\Debug\cmTryCompileExec3934856744.exe : fatal error LNK1120: 1 unresolved externals [D:\Sim_Devel\svn\openrails\Source\3rdPartyLibs\openal-soft\build\CMakeFiles\CMakeTmp\cmTryCompileExec3934856744.vcxproj]
Done Building Project "D:\Sim_Devel\svn\openrails\Source\3rdPartyLibs\openal-soft\build\CMakeFiles\CMakeTmp\cmTryCompileExec3934856744.vcxproj" (default targets) -- FAILED.

Build FAILED.

"D:\Sim_Devel\svn\openrails\Source\3rdPartyLibs\openal-soft\build\CMakeFiles\CMakeTmp\cmTryCompileExec3934856744.vcxproj" (default target) (1) ->
(Link target) -> 
  CheckFunctionExists.obj : error LNK2019: unresolved external symbol _finite referenced in function _main [D:\Sim_Devel\svn\openrails\Source\3rdPartyLibs\openal-soft\build\CMakeFiles\CMakeTmp\cmTryCompileExec3934856744.vcxproj]
  D:\Sim_Devel\svn\openrails\Source\3rdPartyLibs\openal-soft\build\CMakeFiles\CMakeTmp\Debug\cmTryCompileExec3934856744.exe : fatal error LNK1120: 1 unresolved externals [D:\Sim_Devel\svn\openrails\Source\3rdPartyLibs\openal-soft\build\CMakeFiles\CMakeTmp\cmTryCompileExec3934856744.vcxproj]

    0 Warning(s)
    2 Error(s)

Time Elapsed 00:00:00.42


Determining if the isnan exist failed with the following output:
Change Dir: D:/Sim_Devel/svn/openrails/Source/3rdPartyLibs/openal-soft/build/CMakeFiles/CMakeTmp

Run Build Command:C:\Windows\Microsoft.NET\Framework\v4.0.30319\MSBuild.exe cmTryCompileExec1540604133.vcxproj /p:Configuration=Debug /p:VisualStudioVersion=11.0
Microsoft (R) Build Engine version 4.0.30319.17929
[Microsoft .NET Framework, version 4.0.30319.18034]
Copyright (C) Microsoft Corporation. All rights reserved.

Build started 2013.05.28. 23:19:17.
Project "D:\Sim_Devel\svn\openrails\Source\3rdPartyLibs\openal-soft\build\CMakeFiles\CMakeTmp\cmTryCompileExec1540604133.vcxproj" on node 1 (default targets).
PrepareForBuild:
  Creating directory "cmTryCompileExec1540604133.dir\Debug\".
  Creating directory "D:\Sim_Devel\svn\openrails\Source\3rdPartyLibs\openal-soft\build\CMakeFiles\CMakeTmp\Debug\".
InitializeBuildStatus:
  Creating "cmTryCompileExec1540604133.dir\Debug\cmTryCompileExec1540604133.unsuccessfulbuild" because "AlwaysCreate" was specified.
ClCompile:
  C:\Program Files (x86)\Microsoft Visual Studio 11.0\VC\bin\CL.exe /c /I"C:/Program Files (x86)/Microsoft DirectX SDK (August 2009)/Include" /Zi /W3 /WX- /Od /Ob0 /Oy- /D WIN32 /D _WINDOWS /D _DEBUG /D "CMAKE_INTDIR=\"Debug\"" /D _MBCS /Gm- /RTC1 /MDd /GS /fp:precise /Zc:wchar_t /Zc:forScope /Fo"cmTryCompileExec1540604133.dir\Debug\\" /Fd"D:/Sim_Devel/svn/openrails/Source/3rdPartyLibs/openal-soft/build/CMakeFiles/CMakeTmp/Debug/cmTryCompileExec1540604133.pdb" /Gd /TC /analyze- /errorReport:queue CheckSymbolExists.c
  Microsoft (R) C/C++ Optimizing Compiler Version 17.00.51106.1 for x86
  Copyright (C) Microsoft Corporation.  All rights reserved.
  
  cl /c /I"C:/Program Files (x86)/Microsoft DirectX SDK (August 2009)/Include" /Zi /W3 /WX- /Od /Ob0 /Oy- /D WIN32 /D _WINDOWS /D _DEBUG /D "CMAKE_INTDIR=\"Debug\"" /D _MBCS /Gm- /RTC1 /MDd /GS /fp:precise /Zc:wchar_t /Zc:forScope /Fo"cmTryCompileExec1540604133.dir\Debug\\" /Fd"D:/Sim_Devel/svn/openrails/Source/3rdPartyLibs/openal-soft/build/CMakeFiles/CMakeTmp/Debug/cmTryCompileExec1540604133.pdb" /Gd /TC /analyze- /errorReport:queue CheckSymbolExists.c
  
  CheckSymbolExists.c
CheckSymbolExists.c(8): error C2065: 'isnan' : undeclared identifier [D:\Sim_Devel\svn\openrails\Source\3rdPartyLibs\openal-soft\build\CMakeFiles\CMakeTmp\cmTryCompileExec1540604133.vcxproj]
Done Building Project "D:\Sim_Devel\svn\openrails\Source\3rdPartyLibs\openal-soft\build\CMakeFiles\CMakeTmp\cmTryCompileExec1540604133.vcxproj" (default targets) -- FAILED.

Build FAILED.

"D:\Sim_Devel\svn\openrails\Source\3rdPartyLibs\openal-soft\build\CMakeFiles\CMakeTmp\cmTryCompileExec1540604133.vcxproj" (default target) (1) ->
(ClCompile target) -> 
  CheckSymbolExists.c(8): error C2065: 'isnan' : undeclared identifier [D:\Sim_Devel\svn\openrails\Source\3rdPartyLibs\openal-soft\build\CMakeFiles\CMakeTmp\cmTryCompileExec1540604133.vcxproj]

    0 Warning(s)
    1 Error(s)

Time Elapsed 00:00:00.31

File D:/Sim_Devel/svn/openrails/Source/3rdPartyLibs/openal-soft/build/CMakeFiles/CMakeTmp/CheckSymbolExists.c:
/* */
#include <math.h>

int main(int argc, char** argv)
{
  (void)argv;
#ifndef isnan
  return ((int*)(&isnan))[argc];
#else
  (void)argc;
  return 0;
#endif
}

Determining if the include file dlfcn.h exists failed with the following output:
Change Dir: D:/Sim_Devel/svn/openrails/Source/3rdPartyLibs/openal-soft/build/CMakeFiles/CMakeTmp

Run Build Command:C:\Windows\Microsoft.NET\Framework\v4.0.30319\MSBuild.exe cmTryCompileExec2723602913.vcxproj /p:Configuration=Debug /p:VisualStudioVersion=11.0
Microsoft (R) Build Engine version 4.0.30319.17929
[Microsoft .NET Framework, version 4.0.30319.18034]
Copyright (C) Microsoft Corporation. All rights reserved.

Build started 2013.05.28. 23:19:18.
Project "D:\Sim_Devel\svn\openrails\Source\3rdPartyLibs\openal-soft\build\CMakeFiles\CMakeTmp\cmTryCompileExec2723602913.vcxproj" on node 1 (default targets).
PrepareForBuild:
  Creating directory "cmTryCompileExec2723602913.dir\Debug\".
  Creating directory "D:\Sim_Devel\svn\openrails\Source\3rdPartyLibs\openal-soft\build\CMakeFiles\CMakeTmp\Debug\".
InitializeBuildStatus:
  Creating "cmTryCompileExec2723602913.dir\Debug\cmTryCompileExec2723602913.unsuccessfulbuild" because "AlwaysCreate" was specified.
ClCompile:
  C:\Program Files (x86)\Microsoft Visual Studio 11.0\VC\bin\CL.exe /c /I"C:/Program Files (x86)/Microsoft DirectX SDK (August 2009)/Include" /Zi /W3 /WX- /Od /Ob0 /Oy- /D WIN32 /D _WINDOWS /D _DEBUG /D "CMAKE_INTDIR=\"Debug\"" /D _MBCS /Gm- /RTC1 /MDd /GS /fp:precise /Zc:wchar_t /Zc:forScope /Fo"cmTryCompileExec2723602913.dir\Debug\\" /Fd"D:/Sim_Devel/svn/openrails/Source/3rdPartyLibs/openal-soft/build/CMakeFiles/CMakeTmp/Debug/cmTryCompileExec2723602913.pdb" /Gd /TC /analyze- /errorReport:queue CheckIncludeFile.c
  Microsoft (R) C/C++ Optimizing Compiler Version 17.00.51106.1 for x86
  Copyright (C) Microsoft Corporation.  All rights reserved.
  
  cl /c /I"C:/Program Files (x86)/Microsoft DirectX SDK (August 2009)/Include" /Zi /W3 /WX- /Od /Ob0 /Oy- /D WIN32 /D _WINDOWS /D _DEBUG /D "CMAKE_INTDIR=\"Debug\"" /D _MBCS /Gm- /RTC1 /MDd /GS /fp:precise /Zc:wchar_t /Zc:forScope /Fo"cmTryCompileExec2723602913.dir\Debug\\" /Fd"D:/Sim_Devel/svn/openrails/Source/3rdPartyLibs/openal-soft/build/CMakeFiles/CMakeTmp/Debug/cmTryCompileExec2723602913.pdb" /Gd /TC /analyze- /errorReport:queue CheckIncludeFile.c
  CheckIncludeFile.c
  
CheckIncludeFile.c(1): fatal error C1083: Cannot open include file: 'dlfcn.h': No such file or directory [D:\Sim_Devel\svn\openrails\Source\3rdPartyLibs\openal-soft\build\CMakeFiles\CMakeTmp\cmTryCompileExec2723602913.vcxproj]
Done Building Project "D:\Sim_Devel\svn\openrails\Source\3rdPartyLibs\openal-soft\build\CMakeFiles\CMakeTmp\cmTryCompileExec2723602913.vcxproj" (default targets) -- FAILED.

Build FAILED.

"D:\Sim_Devel\svn\openrails\Source\3rdPartyLibs\openal-soft\build\CMakeFiles\CMakeTmp\cmTryCompileExec2723602913.vcxproj" (default target) (1) ->
(ClCompile target) -> 
  CheckIncludeFile.c(1): fatal error C1083: Cannot open include file: 'dlfcn.h': No such file or directory [D:\Sim_Devel\svn\openrails\Source\3rdPartyLibs\openal-soft\build\CMakeFiles\CMakeTmp\cmTryCompileExec2723602913.vcxproj]

    0 Warning(s)
    1 Error(s)

Time Elapsed 00:00:00.31


Determining if the include file arm_neon.h exists failed with the following output:
Change Dir: D:/Sim_Devel/svn/openrails/Source/3rdPartyLibs/openal-soft/build/CMakeFiles/CMakeTmp

Run Build Command:C:\Windows\Microsoft.NET\Framework\v4.0.30319\MSBuild.exe cmTryCompileExec3634730057.vcxproj /p:Configuration=Debug /p:VisualStudioVersion=11.0
Microsoft (R) Build Engine version 4.0.30319.17929
[Microsoft .NET Framework, version 4.0.30319.18034]
Copyright (C) Microsoft Corporation. All rights reserved.

Build started 2013.05.28. 23:19:23.
Project "D:\Sim_Devel\svn\openrails\Source\3rdPartyLibs\openal-soft\build\CMakeFiles\CMakeTmp\cmTryCompileExec3634730057.vcxproj" on node 1 (default targets).
PrepareForBuild:
  Creating directory "cmTryCompileExec3634730057.dir\Debug\".
  Creating directory "D:\Sim_Devel\svn\openrails\Source\3rdPartyLibs\openal-soft\build\CMakeFiles\CMakeTmp\Debug\".
InitializeBuildStatus:
  Creating "cmTryCompileExec3634730057.dir\Debug\cmTryCompileExec3634730057.unsuccessfulbuild" because "AlwaysCreate" was specified.
ClCompile:
  C:\Program Files (x86)\Microsoft Visual Studio 11.0\VC\bin\CL.exe /c /I"C:/Program Files (x86)/Microsoft DirectX SDK (August 2009)/Include" /Zi /W3 /WX- /Od /Ob0 /Oy- /D WIN32 /D _WINDOWS /D _DEBUG /D "CMAKE_INTDIR=\"Debug\"" /D _MBCS /Gm- /RTC1 /MDd /GS /fp:precise /Zc:wchar_t /Zc:forScope /Fo"cmTryCompileExec3634730057.dir\Debug\\" /Fd"D:/Sim_Devel/svn/openrails/Source/3rdPartyLibs/openal-soft/build/CMakeFiles/CMakeTmp/Debug/cmTryCompileExec3634730057.pdb" /Gd /TC /analyze- /errorReport:queue CheckIncludeFile.c
  Microsoft (R) C/C++ Optimizing Compiler Version 17.00.51106.1 for x86
  Copyright (C) Microsoft Corporation.  All rights reserved.
  
  cl /c /I"C:/Program Files (x86)/Microsoft DirectX SDK (August 2009)/Include" /Zi /W3 /WX- /Od /Ob0 /Oy- /D WIN32 /D _WINDOWS /D _DEBUG /D "CMAKE_INTDIR=\"Debug\"" /D _MBCS /Gm- /RTC1 /MDd /GS /fp:precise /Zc:wchar_t /Zc:forScope /Fo"cmTryCompileExec3634730057.dir\Debug\\" /Fd"D:/Sim_Devel/svn/openrails/Source/3rdPartyLibs/openal-soft/build/CMakeFiles/CMakeTmp/Debug/cmTryCompileExec3634730057.pdb" /Gd /TC /analyze- /errorReport:queue CheckIncludeFile.c
  
  CheckIncludeFile.c
C:\Program Files (x86)\Microsoft Visual Studio 11.0\VC\include\arm_neon.h(16): fatal error C1189: #error :  This header is specific to ARM targets [D:\Sim_Devel\svn\openrails\Source\3rdPartyLibs\openal-soft\build\CMakeFiles\CMakeTmp\cmTryCompileExec3634730057.vcxproj]
Done Building Project "D:\Sim_Devel\svn\openrails\Source\3rdPartyLibs\openal-soft\build\CMakeFiles\CMakeTmp\cmTryCompileExec3634730057.vcxproj" (default targets) -- FAILED.

Build FAILED.

"D:\Sim_Devel\svn\openrails\Source\3rdPartyLibs\openal-soft\build\CMakeFiles\CMakeTmp\cmTryCompileExec3634730057.vcxproj" (default target) (1) ->
(ClCompile target) -> 
  C:\Program Files (x86)\Microsoft Visual Studio 11.0\VC\include\arm_neon.h(16): fatal error C1189: #error :  This header is specific to ARM targets [D:\Sim_Devel\svn\openrails\Source\3rdPartyLibs\openal-soft\build\CMakeFiles\CMakeTmp\cmTryCompileExec3634730057.vcxproj]

    0 Warning(s)
    1 Error(s)

Time Elapsed 00:00:00.31


Determining if the include file alsa/asoundlib.h exists failed with the following output:
Change Dir: D:/Sim_Devel/svn/openrails/Source/3rdPartyLibs/openal-soft/build/CMakeFiles/CMakeTmp

Run Build Command:C:\Windows\Microsoft.NET\Framework\v4.0.30319\MSBuild.exe cmTryCompileExec2055080866.vcxproj /p:Configuration=Debug /p:VisualStudioVersion=11.0
Microsoft (R) Build Engine version 4.0.30319.17929
[Microsoft .NET Framework, version 4.0.30319.18034]
Copyright (C) Microsoft Corporation. All rights reserved.

Build started 2013.05.28. 23:19:24.
Project "D:\Sim_Devel\svn\openrails\Source\3rdPartyLibs\openal-soft\build\CMakeFiles\CMakeTmp\cmTryCompileExec2055080866.vcxproj" on node 1 (default targets).
PrepareForBuild:
  Creating directory "cmTryCompileExec2055080866.dir\Debug\".
  Creating directory "D:\Sim_Devel\svn\openrails\Source\3rdPartyLibs\openal-soft\build\CMakeFiles\CMakeTmp\Debug\".
InitializeBuildStatus:
  Creating "cmTryCompileExec2055080866.dir\Debug\cmTryCompileExec2055080866.unsuccessfulbuild" because "AlwaysCreate" was specified.
ClCompile:
  C:\Program Files (x86)\Microsoft Visual Studio 11.0\VC\bin\CL.exe /c /I"C:/Program Files (x86)/Microsoft DirectX SDK (August 2009)/Include" /Zi /W3 /WX- /Od /Ob0 /Oy- /D WIN32 /D _WINDOWS /D _DEBUG /D "CMAKE_INTDIR=\"Debug\"" /D _MBCS /Gm- /RTC1 /MDd /GS /fp:precise /Zc:wchar_t /Zc:forScope /Fo"cmTryCompileExec2055080866.dir\Debug\\" /Fd"D:/Sim_Devel/svn/openrails/Source/3rdPartyLibs/openal-soft/build/CMakeFiles/CMakeTmp/Debug/cmTryCompileExec2055080866.pdb" /Gd /TC /analyze- /errorReport:queue CheckIncludeFile.c
  Microsoft (R) C/C++ Optimizing Compiler Version 17.00.51106.1 for x86
  Copyright (C) Microsoft Corporation.  All rights reserved.
  
  cl /c /I"C:/Program Files (x86)/Microsoft DirectX SDK (August 2009)/Include" /Zi /W3 /WX- /Od /Ob0 /Oy- /D WIN32 /D _WINDOWS /D _DEBUG /D "CMAKE_INTDIR=\"Debug\"" /D _MBCS /Gm- /RTC1 /MDd /GS /fp:precise /Zc:wchar_t /Zc:forScope /Fo"cmTryCompileExec2055080866.dir\Debug\\" /Fd"D:/Sim_Devel/svn/openrails/Source/3rdPartyLibs/openal-soft/build/CMakeFiles/CMakeTmp/Debug/cmTryCompileExec2055080866.pdb" /Gd /TC /analyze- /errorReport:queue CheckIncludeFile.c
  
  CheckIncludeFile.c
CheckIncludeFile.c(1): fatal error C1083: Cannot open include file: 'alsa/asoundlib.h': No such file or directory [D:\Sim_Devel\svn\openrails\Source\3rdPartyLibs\openal-soft\build\CMakeFiles\CMakeTmp\cmTryCompileExec2055080866.vcxproj]
Done Building Project "D:\Sim_Devel\svn\openrails\Source\3rdPartyLibs\openal-soft\build\CMakeFiles\CMakeTmp\cmTryCompileExec2055080866.vcxproj" (default targets) -- FAILED.

Build FAILED.

"D:\Sim_Devel\svn\openrails\Source\3rdPartyLibs\openal-soft\build\CMakeFiles\CMakeTmp\cmTryCompileExec2055080866.vcxproj" (default target) (1) ->
(ClCompile target) -> 
  CheckIncludeFile.c(1): fatal error C1083: Cannot open include file: 'alsa/asoundlib.h': No such file or directory [D:\Sim_Devel\svn\openrails\Source\3rdPartyLibs\openal-soft\build\CMakeFiles\CMakeTmp\cmTryCompileExec2055080866.vcxproj]

    0 Warning(s)
    1 Error(s)

Time Elapsed 00:00:00.32


Determining if the include file sys/soundcard.h exists failed with the following output:
Change Dir: D:/Sim_Devel/svn/openrails/Source/3rdPartyLibs/openal-soft/build/CMakeFiles/CMakeTmp

Run Build Command:C:\Windows\Microsoft.NET\Framework\v4.0.30319\MSBuild.exe cmTryCompileExec944825258.vcxproj /p:Configuration=Debug /p:VisualStudioVersion=11.0
Microsoft (R) Build Engine version 4.0.30319.17929
[Microsoft .NET Framework, version 4.0.30319.18034]
Copyright (C) Microsoft Corporation. All rights reserved.

Build started 2013.05.28. 23:19:24.
Project "D:\Sim_Devel\svn\openrails\Source\3rdPartyLibs\openal-soft\build\CMakeFiles\CMakeTmp\cmTryCompileExec944825258.vcxproj" on node 1 (default targets).
PrepareForBuild:
  Creating directory "cmTryCompileExec944825258.dir\Debug\".
  Creating directory "D:\Sim_Devel\svn\openrails\Source\3rdPartyLibs\openal-soft\build\CMakeFiles\CMakeTmp\Debug\".
InitializeBuildStatus:
  Creating "cmTryCompileExec944825258.dir\Debug\cmTryCompileExec944825258.unsuccessfulbuild" because "AlwaysCreate" was specified.
ClCompile:
  C:\Program Files (x86)\Microsoft Visual Studio 11.0\VC\bin\CL.exe /c /I"C:/Program Files (x86)/Microsoft DirectX SDK (August 2009)/Include" /Zi /W3 /WX- /Od /Ob0 /Oy- /D WIN32 /D _WINDOWS /D _DEBUG /D "CMAKE_INTDIR=\"Debug\"" /D _MBCS /Gm- /RTC1 /MDd /GS /fp:precise /Zc:wchar_t /Zc:forScope /Fo"cmTryCompileExec944825258.dir\Debug\\" /Fd"D:/Sim_Devel/svn/openrails/Source/3rdPartyLibs/openal-soft/build/CMakeFiles/CMakeTmp/Debug/cmTryCompileExec944825258.pdb" /Gd /TC /analyze- /errorReport:queue CheckIncludeFile.c
  Microsoft (R) C/C++ Optimizing Compiler Version 17.00.51106.1 for x86
  Copyright (C) Microsoft Corporation.  All rights reserved.
  
  cl /c /I"C:/Program Files (x86)/Microsoft DirectX SDK (August 2009)/Include" /Zi /W3 /WX- /Od /Ob0 /Oy- /D WIN32 /D _WINDOWS /D _DEBUG /D "CMAKE_INTDIR=\"Debug\"" /D _MBCS /Gm- /RTC1 /MDd /GS /fp:precise /Zc:wchar_t /Zc:forScope /Fo"cmTryCompileExec944825258.dir\Debug\\" /Fd"D:/Sim_Devel/svn/openrails/Source/3rdPartyLibs/openal-soft/build/CMakeFiles/CMakeTmp/Debug/cmTryCompileExec944825258.pdb" /Gd /TC /analyze- /errorReport:queue CheckIncludeFile.c
  
  CheckIncludeFile.c
CheckIncludeFile.c(1): fatal error C1083: Cannot open include file: 'sys/soundcard.h': No such file or directory [D:\Sim_Devel\svn\openrails\Source\3rdPartyLibs\openal-soft\build\CMakeFiles\CMakeTmp\cmTryCompileExec944825258.vcxproj]
Done Building Project "D:\Sim_Devel\svn\openrails\Source\3rdPartyLibs\openal-soft\build\CMakeFiles\CMakeTmp\cmTryCompileExec944825258.vcxproj" (default targets) -- FAILED.

Build FAILED.

"D:\Sim_Devel\svn\openrails\Source\3rdPartyLibs\openal-soft\build\CMakeFiles\CMakeTmp\cmTryCompileExec944825258.vcxproj" (default target) (1) ->
(ClCompile target) -> 
  CheckIncludeFile.c(1): fatal error C1083: Cannot open include file: 'sys/soundcard.h': No such file or directory [D:\Sim_Devel\svn\openrails\Source\3rdPartyLibs\openal-soft\build\CMakeFiles\CMakeTmp\cmTryCompileExec944825258.vcxproj]

    0 Warning(s)
    1 Error(s)

Time Elapsed 00:00:00.32


Determining if the include file sys/audioio.h exists failed with the following output:
Change Dir: D:/Sim_Devel/svn/openrails/Source/3rdPartyLibs/openal-soft/build/CMakeFiles/CMakeTmp

Run Build Command:C:\Windows\Microsoft.NET\Framework\v4.0.30319\MSBuild.exe cmTryCompileExec1452772129.vcxproj /p:Configuration=Debug /p:VisualStudioVersion=11.0
Microsoft (R) Build Engine version 4.0.30319.17929
[Microsoft .NET Framework, version 4.0.30319.18034]
Copyright (C) Microsoft Corporation. All rights reserved.

Build started 2013.05.28. 23:19:24.
Project "D:\Sim_Devel\svn\openrails\Source\3rdPartyLibs\openal-soft\build\CMakeFiles\CMakeTmp\cmTryCompileExec1452772129.vcxproj" on node 1 (default targets).
PrepareForBuild:
  Creating directory "cmTryCompileExec1452772129.dir\Debug\".
  Creating directory "D:\Sim_Devel\svn\openrails\Source\3rdPartyLibs\openal-soft\build\CMakeFiles\CMakeTmp\Debug\".
InitializeBuildStatus:
  Creating "cmTryCompileExec1452772129.dir\Debug\cmTryCompileExec1452772129.unsuccessfulbuild" because "AlwaysCreate" was specified.
ClCompile:
  C:\Program Files (x86)\Microsoft Visual Studio 11.0\VC\bin\CL.exe /c /I"C:/Program Files (x86)/Microsoft DirectX SDK (August 2009)/Include" /Zi /W3 /WX- /Od /Ob0 /Oy- /D WIN32 /D _WINDOWS /D _DEBUG /D "CMAKE_INTDIR=\"Debug\"" /D _MBCS /Gm- /RTC1 /MDd /GS /fp:precise /Zc:wchar_t /Zc:forScope /Fo"cmTryCompileExec1452772129.dir\Debug\\" /Fd"D:/Sim_Devel/svn/openrails/Source/3rdPartyLibs/openal-soft/build/CMakeFiles/CMakeTmp/Debug/cmTryCompileExec1452772129.pdb" /Gd /TC /analyze- /errorReport:queue CheckIncludeFile.c
  Microsoft (R) C/C++ Optimizing Compiler Version 17.00.51106.1 for x86
  Copyright (C) Microsoft Corporation.  All rights reserved.
  
  cl /c /I"C:/Program Files (x86)/Microsoft DirectX SDK (August 2009)/Include" /Zi /W3 /WX- /Od /Ob0 /Oy- /D WIN32 /D _WINDOWS /D _DEBUG /D "CMAKE_INTDIR=\"Debug\"" /D _MBCS /Gm- /RTC1 /MDd /GS /fp:precise /Zc:wchar_t /Zc:forScope /Fo"cmTryCompileExec1452772129.dir\Debug\\" /Fd"D:/Sim_Devel/svn/openrails/Source/3rdPartyLibs/openal-soft/build/CMakeFiles/CMakeTmp/Debug/cmTryCompileExec1452772129.pdb" /Gd /TC /analyze- /errorReport:queue CheckIncludeFile.c
  
  CheckIncludeFile.c
CheckIncludeFile.c(1): fatal error C1083: Cannot open include file: 'sys/audioio.h': No such file or directory [D:\Sim_Devel\svn\openrails\Source\3rdPartyLibs\openal-soft\build\CMakeFiles\CMakeTmp\cmTryCompileExec1452772129.vcxproj]
Done Building Project "D:\Sim_Devel\svn\openrails\Source\3rdPartyLibs\openal-soft\build\CMakeFiles\CMakeTmp\cmTryCompileExec1452772129.vcxproj" (default targets) -- FAILED.

Build FAILED.

"D:\Sim_Devel\svn\openrails\Source\3rdPartyLibs\openal-soft\build\CMakeFiles\CMakeTmp\cmTryCompileExec1452772129.vcxproj" (default target) (1) ->
(ClCompile target) -> 
  CheckIncludeFile.c(1): fatal error C1083: Cannot open include file: 'sys/audioio.h': No such file or directory [D:\Sim_Devel\svn\openrails\Source\3rdPartyLibs\openal-soft\build\CMakeFiles\CMakeTmp\cmTryCompileExec1452772129.vcxproj]

    0 Warning(s)
    1 Error(s)

Time Elapsed 00:00:00.31


Determining if the include file sndio.h exists failed with the following output:
Change Dir: D:/Sim_Devel/svn/openrails/Source/3rdPartyLibs/openal-soft/build/CMakeFiles/CMakeTmp

Run Build Command:C:\Windows\Microsoft.NET\Framework\v4.0.30319\MSBuild.exe cmTryCompileExec447798523.vcxproj /p:Configuration=Debug /p:VisualStudioVersion=11.0
Microsoft (R) Build Engine version 4.0.30319.17929
[Microsoft .NET Framework, version 4.0.30319.18034]
Copyright (C) Microsoft Corporation. All rights reserved.

Build started 2013.05.28. 23:19:25.
Project "D:\Sim_Devel\svn\openrails\Source\3rdPartyLibs\openal-soft\build\CMakeFiles\CMakeTmp\cmTryCompileExec447798523.vcxproj" on node 1 (default targets).
PrepareForBuild:
  Creating directory "cmTryCompileExec447798523.dir\Debug\".
  Creating directory "D:\Sim_Devel\svn\openrails\Source\3rdPartyLibs\openal-soft\build\CMakeFiles\CMakeTmp\Debug\".
InitializeBuildStatus:
  Creating "cmTryCompileExec447798523.dir\Debug\cmTryCompileExec447798523.unsuccessfulbuild" because "AlwaysCreate" was specified.
ClCompile:
  C:\Program Files (x86)\Microsoft Visual Studio 11.0\VC\bin\CL.exe /c /I"C:/Program Files (x86)/Microsoft DirectX SDK (August 2009)/Include" /Zi /W3 /WX- /Od /Ob0 /Oy- /D WIN32 /D _WINDOWS /D _DEBUG /D "CMAKE_INTDIR=\"Debug\"" /D _MBCS /Gm- /RTC1 /MDd /GS /fp:precise /Zc:wchar_t /Zc:forScope /Fo"cmTryCompileExec447798523.dir\Debug\\" /Fd"D:/Sim_Devel/svn/openrails/Source/3rdPartyLibs/openal-soft/build/CMakeFiles/CMakeTmp/Debug/cmTryCompileExec447798523.pdb" /Gd /TC /analyze- /errorReport:queue CheckIncludeFile.c
  Microsoft (R) C/C++ Optimizing Compiler Version 17.00.51106.1 for x86
  Copyright (C) Microsoft Corporation.  All rights reserved.
  
  cl /c /I"C:/Program Files (x86)/Microsoft DirectX SDK (August 2009)/Include" /Zi /W3 /WX- /Od /Ob0 /Oy- /D WIN32 /D _WINDOWS /D _DEBUG /D "CMAKE_INTDIR=\"Debug\"" /D _MBCS /Gm- /RTC1 /MDd /GS /fp:precise /Zc:wchar_t /Zc:forScope /Fo"cmTryCompileExec447798523.dir\Debug\\" /Fd"D:/Sim_Devel/svn/openrails/Source/3rdPartyLibs/openal-soft/build/CMakeFiles/CMakeTmp/Debug/cmTryCompileExec447798523.pdb" /Gd /TC /analyze- /errorReport:queue CheckIncludeFile.c
  
  CheckIncludeFile.c
CheckIncludeFile.c(1): fatal error C1083: Cannot open include file: 'sndio.h': No such file or directory [D:\Sim_Devel\svn\openrails\Source\3rdPartyLibs\openal-soft\build\CMakeFiles\CMakeTmp\cmTryCompileExec447798523.vcxproj]
Done Building Project "D:\Sim_Devel\svn\openrails\Source\3rdPartyLibs\openal-soft\build\CMakeFiles\CMakeTmp\cmTryCompileExec447798523.vcxproj" (default targets) -- FAILED.

Build FAILED.

"D:\Sim_Devel\svn\openrails\Source\3rdPartyLibs\openal-soft\build\CMakeFiles\CMakeTmp\cmTryCompileExec447798523.vcxproj" (default target) (1) ->
(ClCompile target) -> 
  CheckIncludeFile.c(1): fatal error C1083: Cannot open include file: 'sndio.h': No such file or directory [D:\Sim_Devel\svn\openrails\Source\3rdPartyLibs\openal-soft\build\CMakeFiles\CMakeTmp\cmTryCompileExec447798523.vcxproj]

    0 Warning(s)
    1 Error(s)

Time Elapsed 00:00:00.25


Determining if the include file portaudio.h exists failed with the following output:
Change Dir: D:/Sim_Devel/svn/openrails/Source/3rdPartyLibs/openal-soft/build/CMakeFiles/CMakeTmp

Run Build Command:C:\Windows\Microsoft.NET\Framework\v4.0.30319\MSBuild.exe cmTryCompileExec2094763365.vcxproj /p:Configuration=Debug /p:VisualStudioVersion=11.0
Microsoft (R) Build Engine version 4.0.30319.17929
[Microsoft .NET Framework, version 4.0.30319.18034]
Copyright (C) Microsoft Corporation. All rights reserved.

Build started 2013.05.28. 23:19:30.
Project "D:\Sim_Devel\svn\openrails\Source\3rdPartyLibs\openal-soft\build\CMakeFiles\CMakeTmp\cmTryCompileExec2094763365.vcxproj" on node 1 (default targets).
PrepareForBuild:
  Creating directory "cmTryCompileExec2094763365.dir\Debug\".
  Creating directory "D:\Sim_Devel\svn\openrails\Source\3rdPartyLibs\openal-soft\build\CMakeFiles\CMakeTmp\Debug\".
InitializeBuildStatus:
  Creating "cmTryCompileExec2094763365.dir\Debug\cmTryCompileExec2094763365.unsuccessfulbuild" because "AlwaysCreate" was specified.
ClCompile:
  C:\Program Files (x86)\Microsoft Visual Studio 11.0\VC\bin\CL.exe /c /I"C:/Program Files (x86)/Microsoft DirectX SDK (August 2009)/Include" /Zi /W3 /WX- /Od /Ob0 /Oy- /D WIN32 /D _WINDOWS /D _DEBUG /D "CMAKE_INTDIR=\"Debug\"" /D _MBCS /Gm- /RTC1 /MDd /GS /fp:precise /Zc:wchar_t /Zc:forScope /Fo"cmTryCompileExec2094763365.dir\Debug\\" /Fd"D:/Sim_Devel/svn/openrails/Source/3rdPartyLibs/openal-soft/build/CMakeFiles/CMakeTmp/Debug/cmTryCompileExec2094763365.pdb" /Gd /TC /analyze- /errorReport:queue CheckIncludeFile.c
  Microsoft (R) C/C++ Optimizing Compiler Version 17.00.51106.1 for x86
  Copyright (C) Microsoft Corporation.  All rights reserved.
  
  cl /c /I"C:/Program Files (x86)/Microsoft DirectX SDK (August 2009)/Include" /Zi /W3 /WX- /Od /Ob0 /Oy- /D WIN32 /D _WINDOWS /D _DEBUG /D "CMAKE_INTDIR=\"Debug\"" /D _MBCS /Gm- /RTC1 /MDd /GS /fp:precise /Zc:wchar_t /Zc:forScope /Fo"cmTryCompileExec2094763365.dir\Debug\\" /Fd"D:/Sim_Devel/svn/openrails/Source/3rdPartyLibs/openal-soft/build/CMakeFiles/CMakeTmp/Debug/cmTryCompileExec2094763365.pdb" /Gd /TC /analyze- /errorReport:queue CheckIncludeFile.c
  
  CheckIncludeFile.c
CheckIncludeFile.c(1): fatal error C1083: Cannot open include file: 'portaudio.h': No such file or directory [D:\Sim_Devel\svn\openrails\Source\3rdPartyLibs\openal-soft\build\CMakeFiles\CMakeTmp\cmTryCompileExec2094763365.vcxproj]
Done Building Project "D:\Sim_Devel\svn\openrails\Source\3rdPartyLibs\openal-soft\build\CMakeFiles\CMakeTmp\cmTryCompileExec2094763365.vcxproj" (default targets) -- FAILED.

Build FAILED.

"D:\Sim_Devel\svn\openrails\Source\3rdPartyLibs\openal-soft\build\CMakeFiles\CMakeTmp\cmTryCompileExec2094763365.vcxproj" (default target) (1) ->
(ClCompile target) -> 
  CheckIncludeFile.c(1): fatal error C1083: Cannot open include file: 'portaudio.h': No such file or directory [D:\Sim_Devel\svn\openrails\Source\3rdPartyLibs\openal-soft\build\CMakeFiles\CMakeTmp\cmTryCompileExec2094763365.vcxproj]

    0 Warning(s)
    1 Error(s)

Time Elapsed 00:00:00.31


Determining if the include file pulse/pulseaudio.h exists failed with the following output:
Change Dir: D:/Sim_Devel/svn/openrails/Source/3rdPartyLibs/openal-soft/build/CMakeFiles/CMakeTmp

Run Build Command:C:\Windows\Microsoft.NET\Framework\v4.0.30319\MSBuild.exe cmTryCompileExec1080816097.vcxproj /p:Configuration=Debug /p:VisualStudioVersion=11.0
Microsoft (R) Build Engine version 4.0.30319.17929
[Microsoft .NET Framework, version 4.0.30319.18034]
Copyright (C) Microsoft Corporation. All rights reserved.

Build started 2013.05.28. 23:19:30.
Project "D:\Sim_Devel\svn\openrails\Source\3rdPartyLibs\openal-soft\build\CMakeFiles\CMakeTmp\cmTryCompileExec1080816097.vcxproj" on node 1 (default targets).
PrepareForBuild:
  Creating directory "cmTryCompileExec1080816097.dir\Debug\".
  Creating directory "D:\Sim_Devel\svn\openrails\Source\3rdPartyLibs\openal-soft\build\CMakeFiles\CMakeTmp\Debug\".
InitializeBuildStatus:
  Creating "cmTryCompileExec1080816097.dir\Debug\cmTryCompileExec1080816097.unsuccessfulbuild" because "AlwaysCreate" was specified.
ClCompile:
  C:\Program Files (x86)\Microsoft Visual Studio 11.0\VC\bin\CL.exe /c /I"C:/Program Files (x86)/Microsoft DirectX SDK (August 2009)/Include" /Zi /W3 /WX- /Od /Ob0 /Oy- /D WIN32 /D _WINDOWS /D _DEBUG /D "CMAKE_INTDIR=\"Debug\"" /D _MBCS /Gm- /RTC1 /MDd /GS /fp:precise /Zc:wchar_t /Zc:forScope /Fo"cmTryCompileExec1080816097.dir\Debug\\" /Fd"D:/Sim_Devel/svn/openrails/Source/3rdPartyLibs/openal-soft/build/CMakeFiles/CMakeTmp/Debug/cmTryCompileExec1080816097.pdb" /Gd /TC /analyze- /errorReport:queue CheckIncludeFile.c
  Microsoft (R) C/C++ Optimizing Compiler Version 17.00.51106.1 for x86
  Copyright (C) Microsoft Corporation.  All rights reserved.
  
  cl /c /I"C:/Program Files (x86)/Microsoft DirectX SDK (August 2009)/Include" /Zi /W3 /WX- /Od /Ob0 /Oy- /D WIN32 /D _WINDOWS /D _DEBUG /D "CMAKE_INTDIR=\"Debug\"" /D _MBCS /Gm- /RTC1 /MDd /GS /fp:precise /Zc:wchar_t /Zc:forScope /Fo"cmTryCompileExec1080816097.dir\Debug\\" /Fd"D:/Sim_Devel/svn/openrails/Source/3rdPartyLibs/openal-soft/build/CMakeFiles/CMakeTmp/Debug/cmTryCompileExec1080816097.pdb" /Gd /TC /analyze- /errorReport:queue CheckIncludeFile.c
  
  CheckIncludeFile.c
CheckIncludeFile.c(1): fatal error C1083: Cannot open include file: 'pulse/pulseaudio.h': No such file or directory [D:\Sim_Devel\svn\openrails\Source\3rdPartyLibs\openal-soft\build\CMakeFiles\CMakeTmp\cmTryCompileExec1080816097.vcxproj]
Done Building Project "D:\Sim_Devel\svn\openrails\Source\3rdPartyLibs\openal-soft\build\CMakeFiles\CMakeTmp\cmTryCompileExec1080816097.vcxproj" (default targets) -- FAILED.

Build FAILED.

"D:\Sim_Devel\svn\openrails\Source\3rdPartyLibs\openal-soft\build\CMakeFiles\CMakeTmp\cmTryCompileExec1080816097.vcxproj" (default target) (1) ->
(ClCompile target) -> 
  CheckIncludeFile.c(1): fatal error C1083: Cannot open include file: 'pulse/pulseaudio.h': No such file or directory [D:\Sim_Devel\svn\openrails\Source\3rdPartyLibs\openal-soft\build\CMakeFiles\CMakeTmp\cmTryCompileExec1080816097.vcxproj]

    0 Warning(s)
    1 Error(s)

Time Elapsed 00:00:00.31


Determining if the include file /System/Library/Frameworks/CoreAudio.framework/Headers/CoreAudio.h exists failed with the following output:
Change Dir: D:/Sim_Devel/svn/openrails/Source/3rdPartyLibs/openal-soft/build/CMakeFiles/CMakeTmp

Run Build Command:C:\Windows\Microsoft.NET\Framework\v4.0.30319\MSBuild.exe cmTryCompileExec2073590629.vcxproj /p:Configuration=Debug /p:VisualStudioVersion=11.0
Microsoft (R) Build Engine version 4.0.30319.17929
[Microsoft .NET Framework, version 4.0.30319.18034]
Copyright (C) Microsoft Corporation. All rights reserved.

Build started 2013.05.28. 23:19:31.
Project "D:\Sim_Devel\svn\openrails\Source\3rdPartyLibs\openal-soft\build\CMakeFiles\CMakeTmp\cmTryCompileExec2073590629.vcxproj" on node 1 (default targets).
PrepareForBuild:
  Creating directory "cmTryCompileExec2073590629.dir\Debug\".
  Creating directory "D:\Sim_Devel\svn\openrails\Source\3rdPartyLibs\openal-soft\build\CMakeFiles\CMakeTmp\Debug\".
InitializeBuildStatus:
  Creating "cmTryCompileExec2073590629.dir\Debug\cmTryCompileExec2073590629.unsuccessfulbuild" because "AlwaysCreate" was specified.
ClCompile:
  C:\Program Files (x86)\Microsoft Visual Studio 11.0\VC\bin\CL.exe /c /I"C:/Program Files (x86)/Microsoft DirectX SDK (August 2009)/Include" /Zi /W3 /WX- /Od /Ob0 /Oy- /D WIN32 /D _WINDOWS /D _DEBUG /D "CMAKE_INTDIR=\"Debug\"" /D _MBCS /Gm- /RTC1 /MDd /GS /fp:precise /Zc:wchar_t /Zc:forScope /Fo"cmTryCompileExec2073590629.dir\Debug\\" /Fd"D:/Sim_Devel/svn/openrails/Source/3rdPartyLibs/openal-soft/build/CMakeFiles/CMakeTmp/Debug/cmTryCompileExec2073590629.pdb" /Gd /TC /analyze- /errorReport:queue CheckIncludeFile.c
  Microsoft (R) C/C++ Optimizing Compiler Version 17.00.51106.1 for x86
  Copyright (C) Microsoft Corporation.  All rights reserved.
  
  cl /c /I"C:/Program Files (x86)/Microsoft DirectX SDK (August 2009)/Include" /Zi /W3 /WX- /Od /Ob0 /Oy- /D WIN32 /D _WINDOWS /D _DEBUG /D "CMAKE_INTDIR=\"Debug\"" /D _MBCS /Gm- /RTC1 /MDd /GS /fp:precise /Zc:wchar_t /Zc:forScope /Fo"cmTryCompileExec2073590629.dir\Debug\\" /Fd"D:/Sim_Devel/svn/openrails/Source/3rdPartyLibs/openal-soft/build/CMakeFiles/CMakeTmp/Debug/cmTryCompileExec2073590629.pdb" /Gd /TC /analyze- /errorReport:queue CheckIncludeFile.c
  
  CheckIncludeFile.c
CheckIncludeFile.c(1): fatal error C1083: Cannot open include file: '/System/Library/Frameworks/CoreAudio.framework/Headers/CoreAudio.h': No such file or directory [D:\Sim_Devel\svn\openrails\Source\3rdPartyLibs\openal-soft\build\CMakeFiles\CMakeTmp\cmTryCompileExec2073590629.vcxproj]
Done Building Project "D:\Sim_Devel\svn\openrails\Source\3rdPartyLibs\openal-soft\build\CMakeFiles\CMakeTmp\cmTryCompileExec2073590629.vcxproj" (default targets) -- FAILED.

Build FAILED.

"D:\Sim_Devel\svn\openrails\Source\3rdPartyLibs\openal-soft\build\CMakeFiles\CMakeTmp\cmTryCompileExec2073590629.vcxproj" (default target) (1) ->
(ClCompile target) -> 
  CheckIncludeFile.c(1): fatal error C1083: Cannot open include file: '/System/Library/Frameworks/CoreAudio.framework/Headers/CoreAudio.h': No such file or directory [D:\Sim_Devel\svn\openrails\Source\3rdPartyLibs\openal-soft\build\CMakeFiles\CMakeTmp\cmTryCompileExec2073590629.vcxproj]

    0 Warning(s)
    1 Error(s)

Time Elapsed 00:00:00.31


Determining if files SLES/OpenSLES.h;SLES/OpenSLES_Android.h exist failed with the following output:
Change Dir: D:/Sim_Devel/svn/openrails/Source/3rdPartyLibs/openal-soft/build/CMakeFiles/CMakeTmp

Run Build Command:C:\Windows\Microsoft.NET\Framework\v4.0.30319\MSBuild.exe cmTryCompileExec3575448039.vcxproj /p:Configuration=Debug /p:VisualStudioVersion=11.0
Microsoft (R) Build Engine version 4.0.30319.17929
[Microsoft .NET Framework, version 4.0.30319.18034]
Copyright (C) Microsoft Corporation. All rights reserved.

Build started 2013.05.28. 23:19:31.
Project "D:\Sim_Devel\svn\openrails\Source\3rdPartyLibs\openal-soft\build\CMakeFiles\CMakeTmp\cmTryCompileExec3575448039.vcxproj" on node 1 (default targets).
PrepareForBuild:
  Creating directory "cmTryCompileExec3575448039.dir\Debug\".
  Creating directory "D:\Sim_Devel\svn\openrails\Source\3rdPartyLibs\openal-soft\build\CMakeFiles\CMakeTmp\Debug\".
InitializeBuildStatus:
  Creating "cmTryCompileExec3575448039.dir\Debug\cmTryCompileExec3575448039.unsuccessfulbuild" because "AlwaysCreate" was specified.
ClCompile:
  C:\Program Files (x86)\Microsoft Visual Studio 11.0\VC\bin\CL.exe /c /I"C:/Program Files (x86)/Microsoft DirectX SDK (August 2009)/Include" /Zi /W3 /WX- /Od /Ob0 /Oy- /D WIN32 /D _WINDOWS /D _DEBUG /D "CMAKE_INTDIR=\"Debug\"" /D _MBCS /Gm- /RTC1 /MDd /GS /fp:precise /Zc:wchar_t /Zc:forScope /Fo"cmTryCompileExec3575448039.dir\Debug\\" /Fd"D:/Sim_Devel/svn/openrails/Source/3rdPartyLibs/openal-soft/build/CMakeFiles/CMakeTmp/Debug/cmTryCompileExec3575448039.pdb" /Gd /TC /analyze- /errorReport:queue CheckIncludeFiles.c
  Microsoft (R) C/C++ Optimizing Compiler Version 17.00.51106.1 for x86
  Copyright (C) Microsoft Corporation.  All rights reserved.
  
  cl /c /I"C:/Program Files (x86)/Microsoft DirectX SDK (August 2009)/Include" /Zi /W3 /WX- /Od /Ob0 /Oy- /D WIN32 /D _WINDOWS /D _DEBUG /D "CMAKE_INTDIR=\"Debug\"" /D _MBCS /Gm- /RTC1 /MDd /GS /fp:precise /Zc:wchar_t /Zc:forScope /Fo"cmTryCompileExec3575448039.dir\Debug\\" /Fd"D:/Sim_Devel/svn/openrails/Source/3rdPartyLibs/openal-soft/build/CMakeFiles/CMakeTmp/Debug/cmTryCompileExec3575448039.pdb" /Gd /TC /analyze- /errorReport:queue CheckIncludeFiles.c
  
  CheckIncludeFiles.c
CheckIncludeFiles.c(2): fatal error C1083: Cannot open include file: 'SLES/OpenSLES.h': No such file or directory [D:\Sim_Devel\svn\openrails\Source\3rdPartyLibs\openal-soft\build\CMakeFiles\CMakeTmp\cmTryCompileExec3575448039.vcxproj]
Done Building Project "D:\Sim_Devel\svn\openrails\Source\3rdPartyLibs\openal-soft\build\CMakeFiles\CMakeTmp\cmTryCompileExec3575448039.vcxproj" (default targets) -- FAILED.

Build FAILED.

"D:\Sim_Devel\svn\openrails\Source\3rdPartyLibs\openal-soft\build\CMakeFiles\CMakeTmp\cmTryCompileExec3575448039.vcxproj" (default target) (1) ->
(ClCompile target) -> 
  CheckIncludeFiles.c(2): fatal error C1083: Cannot open include file: 'SLES/OpenSLES.h': No such file or directory [D:\Sim_Devel\svn\openrails\Source\3rdPartyLibs\openal-soft\build\CMakeFiles\CMakeTmp\cmTryCompileExec3575448039.vcxproj]

    0 Warning(s)
    1 Error(s)

Time Elapsed 00:00:00.31

Source:
/* */
#include <SLES/OpenSLES.h>
#include <SLES/OpenSLES_Android.h>


int main(){return 0;}

